<testsuite tests="50">
  <testcase classname="GlobalDescribeService_Test" name="testDoesFieldExist" time="95" />
  <testcase classname="GlobalDescribeService_Test" name="testDoesFieldExistNegative" time="21" />
  <testcase classname="GlobalDescribeService_Test" name="testGetGlobalDescribe" time="36" />
  <testcase classname="GlobalDescribeService_Test" name="testGetGlobalDescribeFromCache" time="30" />
  <testcase classname="GlobalDescribeService_Test" name="testGetSObjectDescribe" time="29" />
  <testcase classname="GlobalDescribeService_Test" name="testGetSObjectDescribeFromCache" time="28" />
  <testcase classname="GlobalDescribeService_Test" name="testGetSObjectNameField" time="56" />
  <testcase classname="HighlightBadgeActionsMgrController_Test" name="makeData" time="227" />
  <testcase classname="HighlightBadgeActionsMgrController_Test" name="testGetActions" time="1114" />
  <testcase classname="HighlightBadgeQueryBuilder_Test" name="testBasicQuery" time="31" />
  <testcase classname="HighlightBadgeSetupController_Test" name="testFindInverseRelationshipField" time="518" />
  <testcase classname="HighlightBadgeSetupController_Test" name="testGetChildObjects" time="471" />
  <testcase classname="HighlightBadgeSetupController_Test" name="testGetChildObjectsWithException" time="22" />
  <testcase classname="HighlightBadgeSetupController_Test" name="testGetCommonAncestorObjects" time="50" />
  <testcase classname="HighlightBadgeSetupController_Test" name="testGetDisplayObjects" time="666" />
  <testcase classname="HighlightBadgeSetupController_Test" name="testGetObjectFields" time="22" />
  <testcase classname="HighlightBadgeSetupController_Test" name="testGetObjectFieldsWithException" time="18" />
  <testcase classname="HighlightBadgeSetupController_Test" name="testGetPossibleAncestorPaths" time="30" />
  <testcase classname="HighlightBadgeSetupService_Test" name="testFindInverseRelationshipField" time="444" />
  <testcase classname="HighlightBadgeSetupService_Test" name="testGetChildObjects" time="443" />
  <testcase classname="HighlightBadgeSetupService_Test" name="testGetCommonAncestorObjects" time="58" />
  <testcase classname="HighlightBadgeSetupService_Test" name="testGetDisplayObjects" time="673" />
  <testcase classname="HighlightBadgeSetupService_Test" name="testGetObjectFields" time="23" />
  <testcase classname="HighlightBadgeSetupService_Test" name="testGetObjectFieldsWithException" time="18" />
  <testcase classname="HighlightBadgeSetupService_Test" name="testGetPossibleAncestorPaths" time="27" />
  <testcase classname="HighlightBadgesController_Test" name="makeData" time="491" />
  <testcase classname="HighlightBadgesController_Test" name="testGetBadges" time="1096" />
  <testcase classname="HighlightBadgesController_Test" name="testGetBadgesForPreview" time="756" />
  <testcase classname="HighlightBadgesController_Test" name="testGetBadgesWithException" time="539" />
  <testcase classname="HighlightBadgesController_Test" name="testRunFlowWithException" time="7" />
  <testcase classname="HighlightBadgesService_Test" name="makeData" time="669" />
  <testcase classname="HighlightBadgesService_Test" name="testComplexFieldPath" time="1229" />
  <testcase classname="HighlightBadgesService_Test" name="testConstructor" time="61" />
  <testcase classname="HighlightBadgesService_Test" name="testFormatFieldValues" time="16" />
  <testcase classname="HighlightBadgesService_Test" name="testGetChildBadge" time="782" />
  <testcase classname="HighlightBadgesService_Test" name="testGetCommonAncestorBadge" time="601" />
  <testcase classname="HighlightBadgesService_Test" name="testGetSourceBadge" time="3" />
  <testcase classname="HighlightBadgesService_Test" name="testModalAlert" time="3" />
  <testcase classname="HighlightBadgesService_Test" name="testNoBadgesForRecord" time="3" />
  <testcase classname="HighlightBadgesService_Test" name="testNoDefinitions" time="1050" />
  <testcase classname="HighlightBadgesService_Test" name="testNoFieldSet" time="668" />
  <testcase classname="HighlightBadgesService_Test" name="testSOQLLimitHandling" time="1868" />
  <testcase classname="HighlightBadgesService_Test" name="testToastAlert" time="4" />
  <testcase classname="LookupController_Test" name="makeData" time="443" />
  <testcase classname="LookupController_Test" name="testGetDefault" time="75" />
  <testcase classname="LookupController_Test" name="testGetDefaultWithException" time="20" />
  <testcase classname="LookupController_Test" name="testSearch" time="34" />
  <testcase classname="LookupController_Test" name="testSearchWithEmptyInput" time="23" />
  <testcase classname="LookupController_Test" name="testSearchWithException" time="15" />
  <testcase classname="LookupController_Test" name="testSearchWithoutNameField" time="32" />
</testsuite>