<testsuite tests="31">
  <testcase classname="GlobalDescribeService_Test" name="testGetGlobalDescribe" time="87" />
  <testcase classname="GlobalDescribeService_Test" name="testGetGlobalDescribeFromCache" time="39" />
  <testcase classname="GlobalDescribeService_Test" name="testGetSObjectDescribe" time="39" />
  <testcase classname="GlobalDescribeService_Test" name="testGetSObjectDescribeFromCache" time="32" />
  <testcase classname="HighlightBadgeQueryBuilder_Test" name="testBasicQuery" time="8" />
  <testcase classname="HighlightBadgeSetupController_Test" name="testFindInverseRelationshipField" time="212" />
  <testcase classname="HighlightBadgeSetupController_Test" name="testGetChildObjects" time="176" />
  <testcase classname="HighlightBadgeSetupController_Test" name="testGetCommonAncestorObjects" time="63" />
  <testcase classname="HighlightBadgeSetupController_Test" name="testGetDisplayObjects" time="629" />
  <testcase classname="HighlightBadgeSetupController_Test" name="testGetObjectFields" time="31" />
  <testcase classname="HighlightBadgeSetupController_Test" name="testGetObjectFieldsWithException" time="26" />
  <testcase classname="HighlightBadgeSetupController_Test" name="testGetPossibleAncestorPaths" time="40" />
  <testcase classname="HighlightBadgeSetupService_Test" name="testFindInverseRelationshipField" time="605" />
  <testcase classname="HighlightBadgeSetupService_Test" name="testGetChildObjects" time="390" />
  <testcase classname="HighlightBadgeSetupService_Test" name="testGetCommonAncestorObjects" time="83" />
  <testcase classname="HighlightBadgeSetupService_Test" name="testGetDisplayObjects" time="770" />
  <testcase classname="HighlightBadgeSetupService_Test" name="testGetObjectFields" time="28" />
  <testcase classname="HighlightBadgeSetupService_Test" name="testGetObjectFieldsWithException" time="22" />
  <testcase classname="HighlightBadgeSetupService_Test" name="testGetPossibleAncestorPaths" time="33" />
  <testcase classname="HighlightBadgesController_Test" name="testGetBadges" time="1016" />
  <testcase classname="HighlightBadgesService_Test" name="testComplexFieldPath" time="1303" />
  <testcase classname="HighlightBadgesService_Test" name="testConstructor" time="74" />
  <testcase classname="HighlightBadgesService_Test" name="testGetChildBadge" time="674" />
  <testcase classname="HighlightBadgesService_Test" name="testGetCommonAncestorBadge" time="605" />
  <testcase classname="HighlightBadgesService_Test" name="testGetSourceBadge" time="4" />
  <testcase classname="HighlightBadgesService_Test" name="testModalAlert" time="5" />
  <testcase classname="HighlightBadgesService_Test" name="testNoBadgesForRecord" time="4" />
  <testcase classname="HighlightBadgesService_Test" name="testNoDefinitions" time="1130" />
  <testcase classname="HighlightBadgesService_Test" name="testNoFieldSet" time="672" />
  <testcase classname="HighlightBadgesService_Test" name="testSOQLLimitHandling" time="1702" />
  <testcase classname="HighlightBadgesService_Test" name="testToastAlert" time="10" />
</testsuite>