<testsuite tests="8">
  <testcase classname="HighlightBadgeQueryBuilder_Test" name="testBasicQuery" time="5" />
  <testcase classname="HighlightBadgesController_Test" name="testGetBadges" time="1464" />
  <testcase classname="HighlightBadgesService_Test" name="testConstructor" time="51" />
  <testcase classname="HighlightBadgesService_Test" name="testGetChildBadge" time="819" />
  <testcase classname="HighlightBadgesService_Test" name="testGetCommonParentBadge" time="545" />
  <testcase classname="HighlightBadgesService_Test" name="testGetSourceBadge" time="4" />
  <testcase classname="HighlightBadgesService_Test" name="testNoBadgesForRecord" time="3" />
  <testcase classname="HighlightBadgesService_Test" name="testSOQLLimitHandling" time="1458" />
</testsuite>