<testsuite tests="20">
  <testcase classname="HighlightBadgeQueryBuilder_Test" name="testBasicQuery" time="6" />
  <testcase classname="HighlightBadgeSetupController_Test" name="testFindInverseRelationshipField" time="1440" />
  <testcase classname="HighlightBadgeSetupController_Test" name="testGetChildObjects" time="368" />
  <testcase classname="HighlightBadgeSetupController_Test" name="testGetCommonAncestorObjects" time="114" />
  <testcase classname="HighlightBadgeSetupController_Test" name="testGetDisplayObjects" time="100" />
  <testcase classname="HighlightBadgeSetupController_Test" name="testGetObjectFields" time="30" />
  <testcase classname="HighlightBadgeSetupController_Test" name="testGetObjectFieldsWithException" time="23" />
  <testcase classname="HighlightBadgeSetupController_Test" name="testGetPossibleAncestorPaths" time="130" />
  <testcase classname="HighlightBadgesController_Test" name="testGetBadges" time="1098" />
  <testcase classname="HighlightBadgesService_Test" name="testComplexFieldPath" time="1137" />
  <testcase classname="HighlightBadgesService_Test" name="testConstructor" time="62" />
  <testcase classname="HighlightBadgesService_Test" name="testGetChildBadge" time="555" />
  <testcase classname="HighlightBadgesService_Test" name="testGetCommonAncestorBadge" time="545" />
  <testcase classname="HighlightBadgesService_Test" name="testGetSourceBadge" time="4" />
  <testcase classname="HighlightBadgesService_Test" name="testModalAlert" time="3" />
  <testcase classname="HighlightBadgesService_Test" name="testNoBadgesForRecord" time="4" />
  <testcase classname="HighlightBadgesService_Test" name="testNoDefinitions" time="888" />
  <testcase classname="HighlightBadgesService_Test" name="testNoFieldSet" time="585" />
  <testcase classname="HighlightBadgesService_Test" name="testSOQLLimitHandling" time="1332" />
  <testcase classname="HighlightBadgesService_Test" name="testToastAlert" time="4" />
</testsuite>