<testsuite tests="20">
  <testcase classname="HighlightBadgeQueryBuilder_Test" name="testBasicQuery" time="11" />
  <testcase classname="HighlightBadgeSetupController_Test" name="testFindInverseRelationshipField" time="631" />
  <testcase classname="HighlightBadgeSetupController_Test" name="testGetChildObjects" time="303" />
  <testcase classname="HighlightBadgeSetupController_Test" name="testGetCommonAncestorObjects" time="102" />
  <testcase classname="HighlightBadgeSetupController_Test" name="testGetDisplayObjects" time="60" />
  <testcase classname="HighlightBadgeSetupController_Test" name="testGetObjectFields" time="22" />
  <testcase classname="HighlightBadgeSetupController_Test" name="testGetObjectFieldsWithException" time="16" />
  <testcase classname="HighlightBadgeSetupController_Test" name="testGetPossibleAncestorPaths" time="70" />
  <testcase classname="HighlightBadgesController_Test" name="testGetBadges" time="710" />
  <testcase classname="HighlightBadgesService_Test" name="testComplexFieldPath" time="724" />
  <testcase classname="HighlightBadgesService_Test" name="testConstructor" time="54" />
  <testcase classname="HighlightBadgesService_Test" name="testGetChildBadge" time="505" />
  <testcase classname="HighlightBadgesService_Test" name="testGetCommonAncestorBadge" time="453" />
  <testcase classname="HighlightBadgesService_Test" name="testGetSourceBadge" time="3" />
  <testcase classname="HighlightBadgesService_Test" name="testModalAlert" time="3" />
  <testcase classname="HighlightBadgesService_Test" name="testNoBadgesForRecord" time="3" />
  <testcase classname="HighlightBadgesService_Test" name="testNoDefinitions" time="632" />
  <testcase classname="HighlightBadgesService_Test" name="testNoFieldSet" time="513" />
  <testcase classname="HighlightBadgesService_Test" name="testSOQLLimitHandling" time="1232" />
  <testcase classname="HighlightBadgesService_Test" name="testToastAlert" time="3" />
</testsuite>