<testsuite tests="46">
  <testcase classname="GlobalDescribeService_Test" name="testDoesFieldExist" time="76" />
  <testcase classname="GlobalDescribeService_Test" name="testDoesFieldExistNegative" time="22" />
  <testcase classname="GlobalDescribeService_Test" name="testGetGlobalDescribe" time="38" />
  <testcase classname="GlobalDescribeService_Test" name="testGetGlobalDescribeFromCache" time="36" />
  <testcase classname="GlobalDescribeService_Test" name="testGetSObjectDescribe" time="35" />
  <testcase classname="GlobalDescribeService_Test" name="testGetSObjectDescribeFromCache" time="34" />
  <testcase classname="GlobalDescribeService_Test" name="testGetSObjectNameField" time="35" />
  <testcase classname="HighlightBadgeQueryBuilder_Test" name="testBasicQuery" time="7" />
  <testcase classname="HighlightBadgeSetupController_Test" name="testFindInverseRelationshipField" time="170" />
  <testcase classname="HighlightBadgeSetupController_Test" name="testGetChildObjects" time="208" />
  <testcase classname="HighlightBadgeSetupController_Test" name="testGetChildObjectsWithException" time="21" />
  <testcase classname="HighlightBadgeSetupController_Test" name="testGetCommonAncestorObjects" time="55" />
  <testcase classname="HighlightBadgeSetupController_Test" name="testGetDisplayObjects" time="530" />
  <testcase classname="HighlightBadgeSetupController_Test" name="testGetObjectFields" time="24" />
  <testcase classname="HighlightBadgeSetupController_Test" name="testGetObjectFieldsWithException" time="20" />
  <testcase classname="HighlightBadgeSetupController_Test" name="testGetPossibleAncestorPaths" time="33" />
  <testcase classname="HighlightBadgeSetupService_Test" name="testFindInverseRelationshipField" time="160" />
  <testcase classname="HighlightBadgeSetupService_Test" name="testGetChildObjects" time="175" />
  <testcase classname="HighlightBadgeSetupService_Test" name="testGetCommonAncestorObjects" time="53" />
  <testcase classname="HighlightBadgeSetupService_Test" name="testGetDisplayObjects" time="529" />
  <testcase classname="HighlightBadgeSetupService_Test" name="testGetObjectFields" time="25" />
  <testcase classname="HighlightBadgeSetupService_Test" name="testGetObjectFieldsWithException" time="20" />
  <testcase classname="HighlightBadgeSetupService_Test" name="testGetPossibleAncestorPaths" time="29" />
  <testcase classname="HighlightBadgesController_Test" name="testGetBadges" time="864" />
  <testcase classname="HighlightBadgesController_Test" name="testGetBadgesForPreview" time="558" />
  <testcase classname="HighlightBadgesController_Test" name="testGetBadgesWithException" time="453" />
  <testcase classname="HighlightBadgesController_Test" name="testRunFlow" time="25" />
  <testcase classname="HighlightBadgesController_Test" name="testRunFlowWithException" time="7" />
  <testcase classname="HighlightBadgesService_Test" name="testComplexFieldPath" time="875" />
  <testcase classname="HighlightBadgesService_Test" name="testConstructor" time="55" />
  <testcase classname="HighlightBadgesService_Test" name="testFormatFieldValues" time="13" />
  <testcase classname="HighlightBadgesService_Test" name="testGetChildBadge" time="587" />
  <testcase classname="HighlightBadgesService_Test" name="testGetCommonAncestorBadge" time="556" />
  <testcase classname="HighlightBadgesService_Test" name="testGetSourceBadge" time="4" />
  <testcase classname="HighlightBadgesService_Test" name="testModalAlert" time="4" />
  <testcase classname="HighlightBadgesService_Test" name="testNoBadgesForRecord" time="4" />
  <testcase classname="HighlightBadgesService_Test" name="testNoDefinitions" time="676" />
  <testcase classname="HighlightBadgesService_Test" name="testNoFieldSet" time="616" />
  <testcase classname="HighlightBadgesService_Test" name="testSOQLLimitHandling" time="1335" />
  <testcase classname="HighlightBadgesService_Test" name="testToastAlert" time="4" />
  <testcase classname="LookupController_Test" name="testGetDefault" time="83" />
  <testcase classname="LookupController_Test" name="testGetDefaultWithException" time="24" />
  <testcase classname="LookupController_Test" name="testSearch" time="38" />
  <testcase classname="LookupController_Test" name="testSearchWithEmptyInput" time="25" />
  <testcase classname="LookupController_Test" name="testSearchWithException" time="20" />
  <testcase classname="LookupController_Test" name="testSearchWithoutNameField" time="33" />
</testsuite>