<testsuite tests="22">
  <testcase classname="GlobalDescribeService_Test" name="testGetSObjectDescribe" time="99" />
  <testcase classname="GlobalDescribeService_Test" name="testGetSObjectDescribeFromCache" time="31" />
  <testcase classname="HighlightBadgeQueryBuilder_Test" name="testBasicQuery" time="15" />
  <testcase classname="HighlightBadgeSetupController_Test" name="testFindInverseRelationshipField" time="2339" />
  <testcase classname="HighlightBadgeSetupController_Test" name="testGetChildObjects" time="1005" />
  <testcase classname="HighlightBadgeSetupController_Test" name="testGetCommonAncestorObjects" time="231" />
  <testcase classname="HighlightBadgeSetupController_Test" name="testGetDisplayObjects" time="180" />
  <testcase classname="HighlightBadgeSetupController_Test" name="testGetObjectFields" time="40" />
  <testcase classname="HighlightBadgeSetupController_Test" name="testGetObjectFieldsWithException" time="36" />
  <testcase classname="HighlightBadgeSetupController_Test" name="testGetPossibleAncestorPaths" time="109" />
  <testcase classname="HighlightBadgesController_Test" name="testGetBadges" time="987" />
  <testcase classname="HighlightBadgesService_Test" name="testComplexFieldPath" time="906" />
  <testcase classname="HighlightBadgesService_Test" name="testConstructor" time="50" />
  <testcase classname="HighlightBadgesService_Test" name="testGetChildBadge" time="604" />
  <testcase classname="HighlightBadgesService_Test" name="testGetCommonAncestorBadge" time="565" />
  <testcase classname="HighlightBadgesService_Test" name="testGetSourceBadge" time="3" />
  <testcase classname="HighlightBadgesService_Test" name="testModalAlert" time="3" />
  <testcase classname="HighlightBadgesService_Test" name="testNoBadgesForRecord" time="3" />
  <testcase classname="HighlightBadgesService_Test" name="testNoDefinitions" time="798" />
  <testcase classname="HighlightBadgesService_Test" name="testNoFieldSet" time="586" />
  <testcase classname="HighlightBadgesService_Test" name="testSOQLLimitHandling" time="1426" />
  <testcase classname="HighlightBadgesService_Test" name="testToastAlert" time="4" />
</testsuite>