<testsuite tests="33">
  <testcase classname="GlobalDescribeService_Test" name="testGetGlobalDescribe" time="111" />
  <testcase classname="GlobalDescribeService_Test" name="testGetGlobalDescribeFromCache" time="53" />
  <testcase classname="GlobalDescribeService_Test" name="testGetSObjectDescribe" time="49" />
  <testcase classname="GlobalDescribeService_Test" name="testGetSObjectDescribeFromCache" time="41" />
  <testcase classname="HighlightBadgeQueryBuilder_Test" name="testBasicQuery" time="4" />
  <testcase classname="HighlightBadgeSetupController_Test" name="testFindInverseRelationshipField" time="446" />
  <testcase classname="HighlightBadgeSetupController_Test" name="testGetChildObjects" time="434" />
  <testcase classname="HighlightBadgeSetupController_Test" name="testGetCommonAncestorObjects" time="71" />
  <testcase classname="HighlightBadgeSetupController_Test" name="testGetDisplayObjects" time="685" />
  <testcase classname="HighlightBadgeSetupController_Test" name="testGetObjectFields" time="25" />
  <testcase classname="HighlightBadgeSetupController_Test" name="testGetObjectFieldsWithException" time="19" />
  <testcase classname="HighlightBadgeSetupController_Test" name="testGetPossibleAncestorPaths" time="29" />
  <testcase classname="HighlightBadgeSetupService_Test" name="testFindInverseRelationshipField" time="145" />
  <testcase classname="HighlightBadgeSetupService_Test" name="testGetChildObjects" time="119" />
  <testcase classname="HighlightBadgeSetupService_Test" name="testGetCommonAncestorObjects" time="68" />
  <testcase classname="HighlightBadgeSetupService_Test" name="testGetDisplayObjects" time="473" />
  <testcase classname="HighlightBadgeSetupService_Test" name="testGetObjectFields" time="24" />
  <testcase classname="HighlightBadgeSetupService_Test" name="testGetObjectFieldsWithException" time="20" />
  <testcase classname="HighlightBadgeSetupService_Test" name="testGetPossibleAncestorPaths" time="32" />
  <testcase classname="HighlightBadgesController_Test" name="testGetBadges" time="921" />
  <testcase classname="HighlightBadgesService_Test" name="testComplexFieldPath" time="961" />
  <testcase classname="HighlightBadgesService_Test" name="testConstructor" time="57" />
  <testcase classname="HighlightBadgesService_Test" name="testGetChildBadge" time="614" />
  <testcase classname="HighlightBadgesService_Test" name="testGetCommonAncestorBadge" time="543" />
  <testcase classname="HighlightBadgesService_Test" name="testGetSourceBadge" time="4" />
  <testcase classname="HighlightBadgesService_Test" name="testModalAlert" time="3" />
  <testcase classname="HighlightBadgesService_Test" name="testNoBadgesForRecord" time="3" />
  <testcase classname="HighlightBadgesService_Test" name="testNoDefinitions" time="895" />
  <testcase classname="HighlightBadgesService_Test" name="testNoFieldSet" time="597" />
  <testcase classname="HighlightBadgesService_Test" name="testSOQLLimitHandling" time="1636" />
  <testcase classname="HighlightBadgesService_Test" name="testToastAlert" time="5" />
  <testcase classname="LookupController_Test" name="testGetDefault" time="4" />
  <testcase classname="LookupController_Test" name="testSearch" time="3" />
</testsuite>