<testsuite tests="44">
  <testcase classname="GlobalDescribeService_Test" name="testDoesFieldExist" time="95" />
  <testcase classname="GlobalDescribeService_Test" name="testDoesFieldExistNegative" time="21" />
  <testcase classname="GlobalDescribeService_Test" name="testGetGlobalDescribe" time="33" />
  <testcase classname="GlobalDescribeService_Test" name="testGetGlobalDescribeFromCache" time="33" />
  <testcase classname="GlobalDescribeService_Test" name="testGetSObjectDescribe" time="30" />
  <testcase classname="GlobalDescribeService_Test" name="testGetSObjectDescribeFromCache" time="29" />
  <testcase classname="GlobalDescribeService_Test" name="testGetSObjectNameField" time="59" />
  <testcase classname="HighlightBadgeQueryBuilder_Test" name="testBasicQuery" time="24" />
  <testcase classname="HighlightBadgeSetupController_Test" name="testFindInverseRelationshipField" time="414" />
  <testcase classname="HighlightBadgeSetupController_Test" name="testGetChildObjects" time="451" />
  <testcase classname="HighlightBadgeSetupController_Test" name="testGetChildObjectsWithException" time="20" />
  <testcase classname="HighlightBadgeSetupController_Test" name="testGetCommonAncestorObjects" time="82" />
  <testcase classname="HighlightBadgeSetupController_Test" name="testGetDisplayObjects" time="966" />
  <testcase classname="HighlightBadgeSetupController_Test" name="testGetObjectFields" time="42" />
  <testcase classname="HighlightBadgeSetupController_Test" name="testGetObjectFieldsWithException" time="21" />
  <testcase classname="HighlightBadgeSetupController_Test" name="testGetPossibleAncestorPaths" time="54" />
  <testcase classname="HighlightBadgeSetupService_Test" name="testFindInverseRelationshipField" time="417" />
  <testcase classname="HighlightBadgeSetupService_Test" name="testGetChildObjects" time="475" />
  <testcase classname="HighlightBadgeSetupService_Test" name="testGetCommonAncestorObjects" time="97" />
  <testcase classname="HighlightBadgeSetupService_Test" name="testGetDisplayObjects" time="999" />
  <testcase classname="HighlightBadgeSetupService_Test" name="testGetObjectFields" time="40" />
  <testcase classname="HighlightBadgeSetupService_Test" name="testGetObjectFieldsWithException" time="21" />
  <testcase classname="HighlightBadgeSetupService_Test" name="testGetPossibleAncestorPaths" time="45" />
  <testcase classname="HighlightBadgesController_Test" name="testGetBadges" time="1084" />
  <testcase classname="HighlightBadgesController_Test" name="testGetBadgesForPreview" time="619" />
  <testcase classname="HighlightBadgesController_Test" name="testGetBadgesWithException" time="460" />
  <testcase classname="HighlightBadgesService_Test" name="testComplexFieldPath" time="917" />
  <testcase classname="HighlightBadgesService_Test" name="testConstructor" time="63" />
  <testcase classname="HighlightBadgesService_Test" name="testFormatFieldValues" time="19" />
  <testcase classname="HighlightBadgesService_Test" name="testGetChildBadge" time="650" />
  <testcase classname="HighlightBadgesService_Test" name="testGetCommonAncestorBadge" time="597" />
  <testcase classname="HighlightBadgesService_Test" name="testGetSourceBadge" time="4" />
  <testcase classname="HighlightBadgesService_Test" name="testModalAlert" time="4" />
  <testcase classname="HighlightBadgesService_Test" name="testNoBadgesForRecord" time="4" />
  <testcase classname="HighlightBadgesService_Test" name="testNoDefinitions" time="1552" />
  <testcase classname="HighlightBadgesService_Test" name="testNoFieldSet" time="662" />
  <testcase classname="HighlightBadgesService_Test" name="testSOQLLimitHandling" time="1968" />
  <testcase classname="HighlightBadgesService_Test" name="testToastAlert" time="5" />
  <testcase classname="LookupController_Test" name="testGetDefault" time="86" />
  <testcase classname="LookupController_Test" name="testGetDefaultWithException" time="25" />
  <testcase classname="LookupController_Test" name="testSearch" time="64" />
  <testcase classname="LookupController_Test" name="testSearchWithEmptyInput" time="45" />
  <testcase classname="LookupController_Test" name="testSearchWithException" time="18" />
  <testcase classname="LookupController_Test" name="testSearchWithoutNameField" time="35" />
</testsuite>