<testsuite tests="45">
  <testcase classname="GlobalDescribeService_Test" name="testDoesFieldExist" time="80" />
  <testcase classname="GlobalDescribeService_Test" name="testDoesFieldExistNegative" time="22" />
  <testcase classname="GlobalDescribeService_Test" name="testGetGlobalDescribe" time="41" />
  <testcase classname="GlobalDescribeService_Test" name="testGetGlobalDescribeFromCache" time="35" />
  <testcase classname="GlobalDescribeService_Test" name="testGetSObjectDescribe" time="35" />
  <testcase classname="GlobalDescribeService_Test" name="testGetSObjectDescribeFromCache" time="33" />
  <testcase classname="GlobalDescribeService_Test" name="testGetSObjectNameField" time="60" />
  <testcase classname="HighlightBadgeQueryBuilder_Test" name="testBasicQuery" time="27" />
  <testcase classname="HighlightBadgeSetupController_Test" name="testFindInverseRelationshipField" time="192" />
  <testcase classname="HighlightBadgeSetupController_Test" name="testGetChildObjects" time="163" />
  <testcase classname="HighlightBadgeSetupController_Test" name="testGetChildObjectsWithException" time="19" />
  <testcase classname="HighlightBadgeSetupController_Test" name="testGetCommonAncestorObjects" time="53" />
  <testcase classname="HighlightBadgeSetupController_Test" name="testGetDisplayObjects" time="530" />
  <testcase classname="HighlightBadgeSetupController_Test" name="testGetObjectFields" time="24" />
  <testcase classname="HighlightBadgeSetupController_Test" name="testGetObjectFieldsWithException" time="22" />
  <testcase classname="HighlightBadgeSetupController_Test" name="testGetPossibleAncestorPaths" time="32" />
  <testcase classname="HighlightBadgeSetupService_Test" name="testFindInverseRelationshipField" time="476" />
  <testcase classname="HighlightBadgeSetupService_Test" name="testGetChildObjects" time="603" />
  <testcase classname="HighlightBadgeSetupService_Test" name="testGetCommonAncestorObjects" time="58" />
  <testcase classname="HighlightBadgeSetupService_Test" name="testGetDisplayObjects" time="801" />
  <testcase classname="HighlightBadgeSetupService_Test" name="testGetObjectFields" time="32" />
  <testcase classname="HighlightBadgeSetupService_Test" name="testGetObjectFieldsWithException" time="20" />
  <testcase classname="HighlightBadgeSetupService_Test" name="testGetPossibleAncestorPaths" time="41" />
  <testcase classname="HighlightBadgesController_Test" name="testGetBadges" time="976" />
  <testcase classname="HighlightBadgesController_Test" name="testGetBadgesForPreview" time="603" />
  <testcase classname="HighlightBadgesController_Test" name="testGetBadgesWithException" time="434" />
  <testcase classname="HighlightBadgesController_Test" name="testRunFlowWithException" time="10" />
  <testcase classname="HighlightBadgesService_Test" name="testComplexFieldPath" time="1298" />
  <testcase classname="HighlightBadgesService_Test" name="testConstructor" time="64" />
  <testcase classname="HighlightBadgesService_Test" name="testFormatFieldValues" time="18" />
  <testcase classname="HighlightBadgesService_Test" name="testGetChildBadge" time="692" />
  <testcase classname="HighlightBadgesService_Test" name="testGetCommonAncestorBadge" time="659" />
  <testcase classname="HighlightBadgesService_Test" name="testGetSourceBadge" time="3" />
  <testcase classname="HighlightBadgesService_Test" name="testModalAlert" time="3" />
  <testcase classname="HighlightBadgesService_Test" name="testNoBadgesForRecord" time="3" />
  <testcase classname="HighlightBadgesService_Test" name="testNoDefinitions" time="1048" />
  <testcase classname="HighlightBadgesService_Test" name="testNoFieldSet" time="654" />
  <testcase classname="HighlightBadgesService_Test" name="testSOQLLimitHandling" time="1610" />
  <testcase classname="HighlightBadgesService_Test" name="testToastAlert" time="4" />
  <testcase classname="LookupController_Test" name="testGetDefault" time="120" />
  <testcase classname="LookupController_Test" name="testGetDefaultWithException" time="28" />
  <testcase classname="LookupController_Test" name="testSearch" time="73" />
  <testcase classname="LookupController_Test" name="testSearchWithEmptyInput" time="67" />
  <testcase classname="LookupController_Test" name="testSearchWithException" time="20" />
  <testcase classname="LookupController_Test" name="testSearchWithoutNameField" time="51" />
</testsuite>