<testsuite tests="50">
  <testcase classname="GlobalDescribeService_Test" name="testDoesFieldExist" time="74" />
  <testcase classname="GlobalDescribeService_Test" name="testDoesFieldExistNegative" time="21" />
  <testcase classname="GlobalDescribeService_Test" name="testGetGlobalDescribe" time="40" />
  <testcase classname="GlobalDescribeService_Test" name="testGetGlobalDescribeFromCache" time="33" />
  <testcase classname="GlobalDescribeService_Test" name="testGetSObjectDescribe" time="32" />
  <testcase classname="GlobalDescribeService_Test" name="testGetSObjectDescribeFromCache" time="34" />
  <testcase classname="GlobalDescribeService_Test" name="testGetSObjectNameField" time="43" />
  <testcase classname="HighlightBadgeActionsMgrController_Test" name="makeData" time="171" />
  <testcase classname="HighlightBadgeActionsMgrController_Test" name="testGetActions" time="843" />
  <testcase classname="HighlightBadgeQueryBuilder_Test" name="testBasicQuery" time="9" />
  <testcase classname="HighlightBadgeSetupController_Test" name="testFindInverseRelationshipField" time="397" />
  <testcase classname="HighlightBadgeSetupController_Test" name="testGetChildObjects" time="453" />
  <testcase classname="HighlightBadgeSetupController_Test" name="testGetChildObjectsWithException" time="16" />
  <testcase classname="HighlightBadgeSetupController_Test" name="testGetCommonAncestorObjects" time="50" />
  <testcase classname="HighlightBadgeSetupController_Test" name="testGetDisplayObjects" time="677" />
  <testcase classname="HighlightBadgeSetupController_Test" name="testGetObjectFields" time="26" />
  <testcase classname="HighlightBadgeSetupController_Test" name="testGetObjectFieldsWithException" time="19" />
  <testcase classname="HighlightBadgeSetupController_Test" name="testGetPossibleAncestorPaths" time="27" />
  <testcase classname="HighlightBadgeSetupService_Test" name="testFindInverseRelationshipField" time="363" />
  <testcase classname="HighlightBadgeSetupService_Test" name="testGetChildObjects" time="343" />
  <testcase classname="HighlightBadgeSetupService_Test" name="testGetCommonAncestorObjects" time="79" />
  <testcase classname="HighlightBadgeSetupService_Test" name="testGetDisplayObjects" time="654" />
  <testcase classname="HighlightBadgeSetupService_Test" name="testGetObjectFields" time="27" />
  <testcase classname="HighlightBadgeSetupService_Test" name="testGetObjectFieldsWithException" time="24" />
  <testcase classname="HighlightBadgeSetupService_Test" name="testGetPossibleAncestorPaths" time="38" />
  <testcase classname="HighlightBadgesController_Test" name="makeData" time="280" />
  <testcase classname="HighlightBadgesController_Test" name="testGetBadges" time="1137" />
  <testcase classname="HighlightBadgesController_Test" name="testGetBadgesForPreview" time="629" />
  <testcase classname="HighlightBadgesController_Test" name="testGetBadgesWithException" time="509" />
  <testcase classname="HighlightBadgesController_Test" name="testRunFlowWithException" time="8" />
  <testcase classname="HighlightBadgesService_Test" name="makeData" time="481" />
  <testcase classname="HighlightBadgesService_Test" name="testComplexFieldPath" time="1046" />
  <testcase classname="HighlightBadgesService_Test" name="testConstructor" time="55" />
  <testcase classname="HighlightBadgesService_Test" name="testFormatFieldValues" time="15" />
  <testcase classname="HighlightBadgesService_Test" name="testGetChildBadge" time="622" />
  <testcase classname="HighlightBadgesService_Test" name="testGetCommonAncestorBadge" time="587" />
  <testcase classname="HighlightBadgesService_Test" name="testGetSourceBadge" time="3" />
  <testcase classname="HighlightBadgesService_Test" name="testModalAlert" time="3" />
  <testcase classname="HighlightBadgesService_Test" name="testNoBadgesForRecord" time="2" />
  <testcase classname="HighlightBadgesService_Test" name="testNoDefinitions" time="1058" />
  <testcase classname="HighlightBadgesService_Test" name="testNoFieldSet" time="651" />
  <testcase classname="HighlightBadgesService_Test" name="testSOQLLimitHandling" time="1706" />
  <testcase classname="HighlightBadgesService_Test" name="testToastAlert" time="3" />
  <testcase classname="LookupController_Test" name="makeData" time="468" />
  <testcase classname="LookupController_Test" name="testGetDefault" time="109" />
  <testcase classname="LookupController_Test" name="testGetDefaultWithException" time="30" />
  <testcase classname="LookupController_Test" name="testSearch" time="70" />
  <testcase classname="LookupController_Test" name="testSearchWithEmptyInput" time="47" />
  <testcase classname="LookupController_Test" name="testSearchWithException" time="20" />
  <testcase classname="LookupController_Test" name="testSearchWithoutNameField" time="45" />
</testsuite>