<testsuite tests="50">
  <testcase classname="GlobalDescribeService_Test" name="testDoesFieldExist" time="114" />
  <testcase classname="GlobalDescribeService_Test" name="testDoesFieldExistNegative" time="26" />
  <testcase classname="GlobalDescribeService_Test" name="testGetGlobalDescribe" time="32" />
  <testcase classname="GlobalDescribeService_Test" name="testGetGlobalDescribeFromCache" time="45" />
  <testcase classname="GlobalDescribeService_Test" name="testGetSObjectDescribe" time="35" />
  <testcase classname="GlobalDescribeService_Test" name="testGetSObjectDescribeFromCache" time="35" />
  <testcase classname="GlobalDescribeService_Test" name="testGetSObjectNameField" time="46" />
  <testcase classname="HighlightBadgeActionsMgrController_Test" name="makeData" time="116" />
  <testcase classname="HighlightBadgeActionsMgrController_Test" name="testGetActions" time="874" />
  <testcase classname="HighlightBadgeQueryBuilder_Test" name="testBasicQuery" time="5" />
  <testcase classname="HighlightBadgeSetupController_Test" name="testFindInverseRelationshipField" time="764" />
  <testcase classname="HighlightBadgeSetupController_Test" name="testGetChildObjects" time="829" />
  <testcase classname="HighlightBadgeSetupController_Test" name="testGetChildObjectsWithException" time="23" />
  <testcase classname="HighlightBadgeSetupController_Test" name="testGetCommonAncestorObjects" time="82" />
  <testcase classname="HighlightBadgeSetupController_Test" name="testGetDisplayObjects" time="742" />
  <testcase classname="HighlightBadgeSetupController_Test" name="testGetObjectFields" time="27" />
  <testcase classname="HighlightBadgeSetupController_Test" name="testGetObjectFieldsWithException" time="22" />
  <testcase classname="HighlightBadgeSetupController_Test" name="testGetPossibleAncestorPaths" time="30" />
  <testcase classname="HighlightBadgeSetupService_Test" name="testFindInverseRelationshipField" time="154" />
  <testcase classname="HighlightBadgeSetupService_Test" name="testGetChildObjects" time="139" />
  <testcase classname="HighlightBadgeSetupService_Test" name="testGetCommonAncestorObjects" time="58" />
  <testcase classname="HighlightBadgeSetupService_Test" name="testGetDisplayObjects" time="470" />
  <testcase classname="HighlightBadgeSetupService_Test" name="testGetObjectFields" time="28" />
  <testcase classname="HighlightBadgeSetupService_Test" name="testGetObjectFieldsWithException" time="23" />
  <testcase classname="HighlightBadgeSetupService_Test" name="testGetPossibleAncestorPaths" time="29" />
  <testcase classname="HighlightBadgesController_Test" name="makeData" time="480" />
  <testcase classname="HighlightBadgesController_Test" name="testGetBadges" time="1215" />
  <testcase classname="HighlightBadgesController_Test" name="testGetBadgesForPreview" time="718" />
  <testcase classname="HighlightBadgesController_Test" name="testGetBadgesWithException" time="571" />
  <testcase classname="HighlightBadgesController_Test" name="testRunFlowWithException" time="8" />
  <testcase classname="HighlightBadgesService_Test" name="makeData" time="600" />
  <testcase classname="HighlightBadgesService_Test" name="testComplexFieldPath" time="1166" />
  <testcase classname="HighlightBadgesService_Test" name="testConstructor" time="58" />
  <testcase classname="HighlightBadgesService_Test" name="testFormatFieldValues" time="40" />
  <testcase classname="HighlightBadgesService_Test" name="testGetChildBadge" time="720" />
  <testcase classname="HighlightBadgesService_Test" name="testGetCommonAncestorBadge" time="883" />
  <testcase classname="HighlightBadgesService_Test" name="testGetSourceBadge" time="5" />
  <testcase classname="HighlightBadgesService_Test" name="testModalAlert" time="4" />
  <testcase classname="HighlightBadgesService_Test" name="testNoBadgesForRecord" time="4" />
  <testcase classname="HighlightBadgesService_Test" name="testNoDefinitions" time="1393" />
  <testcase classname="HighlightBadgesService_Test" name="testNoFieldSet" time="705" />
  <testcase classname="HighlightBadgesService_Test" name="testSOQLLimitHandling" time="1687" />
  <testcase classname="HighlightBadgesService_Test" name="testToastAlert" time="4" />
  <testcase classname="LookupController_Test" name="makeData" time="237" />
  <testcase classname="LookupController_Test" name="testGetDefault" time="89" />
  <testcase classname="LookupController_Test" name="testGetDefaultWithException" time="28" />
  <testcase classname="LookupController_Test" name="testSearch" time="61" />
  <testcase classname="LookupController_Test" name="testSearchWithEmptyInput" time="43" />
  <testcase classname="LookupController_Test" name="testSearchWithException" time="21" />
  <testcase classname="LookupController_Test" name="testSearchWithoutNameField" time="45" />
</testsuite>