<testsuite tests="20">
  <testcase classname="HighlightBadgeQueryBuilder_Test" name="testBasicQuery" time="9" />
  <testcase classname="HighlightBadgeSetupController_Test" name="testFindInverseRelationshipField" time="655" />
  <testcase classname="HighlightBadgeSetupController_Test" name="testGetChildObjects" time="291" />
  <testcase classname="HighlightBadgeSetupController_Test" name="testGetCommonAncestorObjects" time="104" />
  <testcase classname="HighlightBadgeSetupController_Test" name="testGetDisplayObjects" time="64" />
  <testcase classname="HighlightBadgeSetupController_Test" name="testGetObjectFields" time="24" />
  <testcase classname="HighlightBadgeSetupController_Test" name="testGetObjectFieldsWithException" time="20" />
  <testcase classname="HighlightBadgeSetupController_Test" name="testGetPossibleAncestorPaths" time="69" />
  <testcase classname="HighlightBadgesController_Test" name="testGetBadges" time="763" />
  <testcase classname="HighlightBadgesService_Test" name="testComplexFieldPath" time="765" />
  <testcase classname="HighlightBadgesService_Test" name="testConstructor" time="58" />
  <testcase classname="HighlightBadgesService_Test" name="testGetChildBadge" time="511" />
  <testcase classname="HighlightBadgesService_Test" name="testGetCommonAncestorBadge" time="462" />
  <testcase classname="HighlightBadgesService_Test" name="testGetSourceBadge" time="3" />
  <testcase classname="HighlightBadgesService_Test" name="testModalAlert" time="3" />
  <testcase classname="HighlightBadgesService_Test" name="testNoBadgesForRecord" time="4" />
  <testcase classname="HighlightBadgesService_Test" name="testNoDefinitions" time="649" />
  <testcase classname="HighlightBadgesService_Test" name="testNoFieldSet" time="518" />
  <testcase classname="HighlightBadgesService_Test" name="testSOQLLimitHandling" time="1426" />
  <testcase classname="HighlightBadgesService_Test" name="testToastAlert" time="4" />
</testsuite>