<testsuite tests="43">
  <testcase classname="GlobalDescribeService_Test" name="testDoesFieldExist" time="96" />
  <testcase classname="GlobalDescribeService_Test" name="testDoesFieldExistNegative" time="19" />
  <testcase classname="GlobalDescribeService_Test" name="testGetGlobalDescribe" time="33" />
  <testcase classname="GlobalDescribeService_Test" name="testGetGlobalDescribeFromCache" time="31" />
  <testcase classname="GlobalDescribeService_Test" name="testGetSObjectDescribe" time="33" />
  <testcase classname="GlobalDescribeService_Test" name="testGetSObjectDescribeFromCache" time="33" />
  <testcase classname="GlobalDescribeService_Test" name="testGetSObjectNameField" time="58" />
  <testcase classname="HighlightBadgeQueryBuilder_Test" name="testBasicQuery" time="25" />
  <testcase classname="HighlightBadgeSetupController_Test" name="testFindInverseRelationshipField" time="498" />
  <testcase classname="HighlightBadgeSetupController_Test" name="testGetChildObjects" time="471" />
  <testcase classname="HighlightBadgeSetupController_Test" name="testGetChildObjectsWithException" time="25" />
  <testcase classname="HighlightBadgeSetupController_Test" name="testGetCommonAncestorObjects" time="89" />
  <testcase classname="HighlightBadgeSetupController_Test" name="testGetDisplayObjects" time="998" />
  <testcase classname="HighlightBadgeSetupController_Test" name="testGetObjectFields" time="40" />
  <testcase classname="HighlightBadgeSetupController_Test" name="testGetObjectFieldsWithException" time="21" />
  <testcase classname="HighlightBadgeSetupController_Test" name="testGetPossibleAncestorPaths" time="55" />
  <testcase classname="HighlightBadgeSetupService_Test" name="testFindInverseRelationshipField" time="443" />
  <testcase classname="HighlightBadgeSetupService_Test" name="testGetChildObjects" time="505" />
  <testcase classname="HighlightBadgeSetupService_Test" name="testGetCommonAncestorObjects" time="116" />
  <testcase classname="HighlightBadgeSetupService_Test" name="testGetDisplayObjects" time="1125" />
  <testcase classname="HighlightBadgeSetupService_Test" name="testGetObjectFields" time="44" />
  <testcase classname="HighlightBadgeSetupService_Test" name="testGetObjectFieldsWithException" time="20" />
  <testcase classname="HighlightBadgeSetupService_Test" name="testGetPossibleAncestorPaths" time="52" />
  <testcase classname="HighlightBadgesController_Test" name="testGetBadges" time="934" />
  <testcase classname="HighlightBadgesController_Test" name="testGetBadgesForPreview" time="630" />
  <testcase classname="HighlightBadgesController_Test" name="testGetBadgesWithException" time="421" />
  <testcase classname="HighlightBadgesService_Test" name="testComplexFieldPath" time="853" />
  <testcase classname="HighlightBadgesService_Test" name="testConstructor" time="11407" />
  <testcase classname="HighlightBadgesService_Test" name="testGetChildBadge" time="632" />
  <testcase classname="HighlightBadgesService_Test" name="testGetCommonAncestorBadge" time="577" />
  <testcase classname="HighlightBadgesService_Test" name="testGetSourceBadge" time="4" />
  <testcase classname="HighlightBadgesService_Test" name="testModalAlert" time="4" />
  <testcase classname="HighlightBadgesService_Test" name="testNoBadgesForRecord" time="4" />
  <testcase classname="HighlightBadgesService_Test" name="testNoDefinitions" time="1421" />
  <testcase classname="HighlightBadgesService_Test" name="testNoFieldSet" time="665" />
  <testcase classname="HighlightBadgesService_Test" name="testSOQLLimitHandling" time="1919" />
  <testcase classname="HighlightBadgesService_Test" name="testToastAlert" time="4" />
  <testcase classname="LookupController_Test" name="testGetDefault" time="79" />
  <testcase classname="LookupController_Test" name="testGetDefaultWithException" time="24" />
  <testcase classname="LookupController_Test" name="testSearch" time="55" />
  <testcase classname="LookupController_Test" name="testSearchWithEmptyInput" time="45" />
  <testcase classname="LookupController_Test" name="testSearchWithException" time="20" />
  <testcase classname="LookupController_Test" name="testSearchWithoutNameField" time="33" />
</testsuite>