<testsuite tests="45">
  <testcase classname="GlobalDescribeService_Test" name="testDoesFieldExist" time="75" />
  <testcase classname="GlobalDescribeService_Test" name="testDoesFieldExistNegative" time="25" />
  <testcase classname="GlobalDescribeService_Test" name="testGetGlobalDescribe" time="29" />
  <testcase classname="GlobalDescribeService_Test" name="testGetGlobalDescribeFromCache" time="34" />
  <testcase classname="GlobalDescribeService_Test" name="testGetSObjectDescribe" time="40" />
  <testcase classname="GlobalDescribeService_Test" name="testGetSObjectDescribeFromCache" time="31" />
  <testcase classname="GlobalDescribeService_Test" name="testGetSObjectNameField" time="53" />
  <testcase classname="HighlightBadgeQueryBuilder_Test" name="testBasicQuery" time="6" />
  <testcase classname="HighlightBadgeSetupController_Test" name="testFindInverseRelationshipField" time="140" />
  <testcase classname="HighlightBadgeSetupController_Test" name="testGetChildObjects" time="111" />
  <testcase classname="HighlightBadgeSetupController_Test" name="testGetChildObjectsWithException" time="21" />
  <testcase classname="HighlightBadgeSetupController_Test" name="testGetCommonAncestorObjects" time="57" />
  <testcase classname="HighlightBadgeSetupController_Test" name="testGetDisplayObjects" time="299" />
  <testcase classname="HighlightBadgeSetupController_Test" name="testGetObjectFields" time="22" />
  <testcase classname="HighlightBadgeSetupController_Test" name="testGetObjectFieldsWithException" time="17" />
  <testcase classname="HighlightBadgeSetupController_Test" name="testGetPossibleAncestorPaths" time="27" />
  <testcase classname="HighlightBadgeSetupService_Test" name="testFindInverseRelationshipField" time="288" />
  <testcase classname="HighlightBadgeSetupService_Test" name="testGetChildObjects" time="282" />
  <testcase classname="HighlightBadgeSetupService_Test" name="testGetCommonAncestorObjects" time="57" />
  <testcase classname="HighlightBadgeSetupService_Test" name="testGetDisplayObjects" time="265" />
  <testcase classname="HighlightBadgeSetupService_Test" name="testGetObjectFields" time="22" />
  <testcase classname="HighlightBadgeSetupService_Test" name="testGetObjectFieldsWithException" time="16" />
  <testcase classname="HighlightBadgeSetupService_Test" name="testGetPossibleAncestorPaths" time="26" />
  <testcase classname="HighlightBadgesController_Test" name="testGetBadges" time="849" />
  <testcase classname="HighlightBadgesController_Test" name="testGetBadgesForPreview" time="610" />
  <testcase classname="HighlightBadgesController_Test" name="testGetBadgesWithException" time="460" />
  <testcase classname="HighlightBadgesController_Test" name="testRunFlowWithException" time="9" />
  <testcase classname="HighlightBadgesService_Test" name="testComplexFieldPath" time="835" />
  <testcase classname="HighlightBadgesService_Test" name="testConstructor" time="60" />
  <testcase classname="HighlightBadgesService_Test" name="testFormatFieldValues" time="19" />
  <testcase classname="HighlightBadgesService_Test" name="testGetChildBadge" time="627" />
  <testcase classname="HighlightBadgesService_Test" name="testGetCommonAncestorBadge" time="540" />
  <testcase classname="HighlightBadgesService_Test" name="testGetSourceBadge" time="4" />
  <testcase classname="HighlightBadgesService_Test" name="testModalAlert" time="3" />
  <testcase classname="HighlightBadgesService_Test" name="testNoBadgesForRecord" time="3" />
  <testcase classname="HighlightBadgesService_Test" name="testNoDefinitions" time="718" />
  <testcase classname="HighlightBadgesService_Test" name="testNoFieldSet" time="635" />
  <testcase classname="HighlightBadgesService_Test" name="testSOQLLimitHandling" time="1351" />
  <testcase classname="HighlightBadgesService_Test" name="testToastAlert" time="3" />
  <testcase classname="LookupController_Test" name="testGetDefault" time="116" />
  <testcase classname="LookupController_Test" name="testGetDefaultWithException" time="30" />
  <testcase classname="LookupController_Test" name="testSearch" time="58" />
  <testcase classname="LookupController_Test" name="testSearchWithEmptyInput" time="38" />
  <testcase classname="LookupController_Test" name="testSearchWithException" time="22" />
  <testcase classname="LookupController_Test" name="testSearchWithoutNameField" time="59" />
</testsuite>