<testsuite tests="33">
  <testcase classname="GlobalDescribeService_Test" name="testGetGlobalDescribe" time="80" />
  <testcase classname="GlobalDescribeService_Test" name="testGetGlobalDescribeFromCache" time="32" />
  <testcase classname="GlobalDescribeService_Test" name="testGetSObjectDescribe" time="35" />
  <testcase classname="GlobalDescribeService_Test" name="testGetSObjectDescribeFromCache" time="34" />
  <testcase classname="HighlightBadgeQueryBuilder_Test" name="testBasicQuery" time="5" />
  <testcase classname="HighlightBadgeSetupController_Test" name="testFindInverseRelationshipField" time="394" />
  <testcase classname="HighlightBadgeSetupController_Test" name="testGetChildObjects" time="410" />
  <testcase classname="HighlightBadgeSetupController_Test" name="testGetCommonAncestorObjects" time="59" />
  <testcase classname="HighlightBadgeSetupController_Test" name="testGetDisplayObjects" time="631" />
  <testcase classname="HighlightBadgeSetupController_Test" name="testGetObjectFields" time="27" />
  <testcase classname="HighlightBadgeSetupController_Test" name="testGetObjectFieldsWithException" time="23" />
  <testcase classname="HighlightBadgeSetupController_Test" name="testGetPossibleAncestorPaths" time="33" />
  <testcase classname="HighlightBadgeSetupService_Test" name="testFindInverseRelationshipField" time="366" />
  <testcase classname="HighlightBadgeSetupService_Test" name="testGetChildObjects" time="149" />
  <testcase classname="HighlightBadgeSetupService_Test" name="testGetCommonAncestorObjects" time="56" />
  <testcase classname="HighlightBadgeSetupService_Test" name="testGetDisplayObjects" time="677" />
  <testcase classname="HighlightBadgeSetupService_Test" name="testGetObjectFields" time="25" />
  <testcase classname="HighlightBadgeSetupService_Test" name="testGetObjectFieldsWithException" time="21" />
  <testcase classname="HighlightBadgeSetupService_Test" name="testGetPossibleAncestorPaths" time="30" />
  <testcase classname="HighlightBadgesController_Test" name="testGetBadges" time="844" />
  <testcase classname="HighlightBadgesService_Test" name="testComplexFieldPath" time="951" />
  <testcase classname="HighlightBadgesService_Test" name="testConstructor" time="58" />
  <testcase classname="HighlightBadgesService_Test" name="testGetChildBadge" time="615" />
  <testcase classname="HighlightBadgesService_Test" name="testGetCommonAncestorBadge" time="569" />
  <testcase classname="HighlightBadgesService_Test" name="testGetSourceBadge" time="4" />
  <testcase classname="HighlightBadgesService_Test" name="testModalAlert" time="3" />
  <testcase classname="HighlightBadgesService_Test" name="testNoBadgesForRecord" time="3" />
  <testcase classname="HighlightBadgesService_Test" name="testNoDefinitions" time="908" />
  <testcase classname="HighlightBadgesService_Test" name="testNoFieldSet" time="609" />
  <testcase classname="HighlightBadgesService_Test" name="testSOQLLimitHandling" time="1384" />
  <testcase classname="HighlightBadgesService_Test" name="testToastAlert" time="4" />
  <testcase classname="LookupController_Test" name="testGetDefault" time="12" />
  <testcase classname="LookupController_Test" name="testSearch" time="3" />
</testsuite>