<testsuite tests="31">
  <testcase classname="GlobalDescribeService_Test" name="testGetGlobalDescribe" time="123" />
  <testcase classname="GlobalDescribeService_Test" name="testGetGlobalDescribeFromCache" time="34" />
  <testcase classname="GlobalDescribeService_Test" name="testGetSObjectDescribe" time="40" />
  <testcase classname="GlobalDescribeService_Test" name="testGetSObjectDescribeFromCache" time="37" />
  <testcase classname="HighlightBadgeQueryBuilder_Test" name="testBasicQuery" time="17" />
  <testcase classname="HighlightBadgeSetupController_Test" name="testFindInverseRelationshipField" time="431" />
  <testcase classname="HighlightBadgeSetupController_Test" name="testGetChildObjects" time="391" />
  <testcase classname="HighlightBadgeSetupController_Test" name="testGetCommonAncestorObjects" time="58" />
  <testcase classname="HighlightBadgeSetupController_Test" name="testGetDisplayObjects" time="709" />
  <testcase classname="HighlightBadgeSetupController_Test" name="testGetObjectFields" time="27" />
  <testcase classname="HighlightBadgeSetupController_Test" name="testGetObjectFieldsWithException" time="22" />
  <testcase classname="HighlightBadgeSetupController_Test" name="testGetPossibleAncestorPaths" time="34" />
  <testcase classname="HighlightBadgeSetupService_Test" name="testFindInverseRelationshipField" time="407" />
  <testcase classname="HighlightBadgeSetupService_Test" name="testGetChildObjects" time="139" />
  <testcase classname="HighlightBadgeSetupService_Test" name="testGetCommonAncestorObjects" time="44" />
  <testcase classname="HighlightBadgeSetupService_Test" name="testGetDisplayObjects" time="529" />
  <testcase classname="HighlightBadgeSetupService_Test" name="testGetObjectFields" time="22" />
  <testcase classname="HighlightBadgeSetupService_Test" name="testGetObjectFieldsWithException" time="19" />
  <testcase classname="HighlightBadgeSetupService_Test" name="testGetPossibleAncestorPaths" time="31" />
  <testcase classname="HighlightBadgesController_Test" name="testGetBadges" time="1217" />
  <testcase classname="HighlightBadgesService_Test" name="testComplexFieldPath" time="1099" />
  <testcase classname="HighlightBadgesService_Test" name="testConstructor" time="64" />
  <testcase classname="HighlightBadgesService_Test" name="testGetChildBadge" time="665" />
  <testcase classname="HighlightBadgesService_Test" name="testGetCommonAncestorBadge" time="606" />
  <testcase classname="HighlightBadgesService_Test" name="testGetSourceBadge" time="4" />
  <testcase classname="HighlightBadgesService_Test" name="testModalAlert" time="4" />
  <testcase classname="HighlightBadgesService_Test" name="testNoBadgesForRecord" time="4" />
  <testcase classname="HighlightBadgesService_Test" name="testNoDefinitions" time="1085" />
  <testcase classname="HighlightBadgesService_Test" name="testNoFieldSet" time="698" />
  <testcase classname="HighlightBadgesService_Test" name="testSOQLLimitHandling" time="1577" />
  <testcase classname="HighlightBadgesService_Test" name="testToastAlert" time="5" />
</testsuite>