<testsuite tests="45">
  <testcase classname="GlobalDescribeService_Test" name="testDoesFieldExist" time="74" />
  <testcase classname="GlobalDescribeService_Test" name="testDoesFieldExistNegative" time="15" />
  <testcase classname="GlobalDescribeService_Test" name="testGetGlobalDescribe" time="27" />
  <testcase classname="GlobalDescribeService_Test" name="testGetGlobalDescribeFromCache" time="31" />
  <testcase classname="GlobalDescribeService_Test" name="testGetSObjectDescribe" time="27" />
  <testcase classname="GlobalDescribeService_Test" name="testGetSObjectDescribeFromCache" time="27" />
  <testcase classname="GlobalDescribeService_Test" name="testGetSObjectNameField" time="69" />
  <testcase classname="HighlightBadgeQueryBuilder_Test" name="testBasicQuery" time="5" />
  <testcase classname="HighlightBadgeSetupController_Test" name="testFindInverseRelationshipField" time="5969" />
  <testcase classname="HighlightBadgeSetupController_Test" name="testGetChildObjects" time="6714" />
  <testcase classname="HighlightBadgeSetupController_Test" name="testGetChildObjectsWithException" time="15" />
  <testcase classname="HighlightBadgeSetupController_Test" name="testGetCommonAncestorObjects" time="51" />
  <testcase classname="HighlightBadgeSetupController_Test" name="testGetDisplayObjects" time="217" />
  <testcase classname="HighlightBadgeSetupController_Test" name="testGetObjectFields" time="22" />
  <testcase classname="HighlightBadgeSetupController_Test" name="testGetObjectFieldsWithException" time="16" />
  <testcase classname="HighlightBadgeSetupController_Test" name="testGetPossibleAncestorPaths" time="27" />
  <testcase classname="HighlightBadgeSetupService_Test" name="testFindInverseRelationshipField" time="5916" />
  <testcase classname="HighlightBadgeSetupService_Test" name="testGetChildObjects" time="6631" />
  <testcase classname="HighlightBadgeSetupService_Test" name="testGetCommonAncestorObjects" time="73" />
  <testcase classname="HighlightBadgeSetupService_Test" name="testGetDisplayObjects" time="252" />
  <testcase classname="HighlightBadgeSetupService_Test" name="testGetObjectFields" time="21" />
  <testcase classname="HighlightBadgeSetupService_Test" name="testGetObjectFieldsWithException" time="17" />
  <testcase classname="HighlightBadgeSetupService_Test" name="testGetPossibleAncestorPaths" time="27" />
  <testcase classname="HighlightBadgesController_Test" name="testGetBadges" time="869" />
  <testcase classname="HighlightBadgesController_Test" name="testGetBadgesForPreview" time="588" />
  <testcase classname="HighlightBadgesController_Test" name="testGetBadgesWithException" time="474" />
  <testcase classname="HighlightBadgesController_Test" name="testRunFlowWithException" time="10" />
  <testcase classname="HighlightBadgesService_Test" name="testComplexFieldPath" time="1041" />
  <testcase classname="HighlightBadgesService_Test" name="testConstructor" time="86" />
  <testcase classname="HighlightBadgesService_Test" name="testFormatFieldValues" time="38" />
  <testcase classname="HighlightBadgesService_Test" name="testGetChildBadge" time="727" />
  <testcase classname="HighlightBadgesService_Test" name="testGetCommonAncestorBadge" time="694" />
  <testcase classname="HighlightBadgesService_Test" name="testGetSourceBadge" time="3" />
  <testcase classname="HighlightBadgesService_Test" name="testModalAlert" time="3" />
  <testcase classname="HighlightBadgesService_Test" name="testNoBadgesForRecord" time="4" />
  <testcase classname="HighlightBadgesService_Test" name="testNoDefinitions" time="2741" />
  <testcase classname="HighlightBadgesService_Test" name="testNoFieldSet" time="733" />
  <testcase classname="HighlightBadgesService_Test" name="testSOQLLimitHandling" time="1744" />
  <testcase classname="HighlightBadgesService_Test" name="testToastAlert" time="3" />
  <testcase classname="LookupController_Test" name="testGetDefault" time="74" />
  <testcase classname="LookupController_Test" name="testGetDefaultWithException" time="24" />
  <testcase classname="LookupController_Test" name="testSearch" time="68" />
  <testcase classname="LookupController_Test" name="testSearchWithEmptyInput" time="39" />
  <testcase classname="LookupController_Test" name="testSearchWithException" time="16" />
  <testcase classname="LookupController_Test" name="testSearchWithoutNameField" time="39" />
</testsuite>