<testsuite tests="12">
  <testcase classname="HighlightBadgeQueryBuilder_Test" name="testBasicQuery" time="13" />
  <testcase classname="HighlightBadgesController_Test" name="testGetBadges" time="966" />
  <testcase classname="HighlightBadgesService_Test" name="testConstructor" time="48" />
  <testcase classname="HighlightBadgesService_Test" name="testGetChildBadge" time="846" />
  <testcase classname="HighlightBadgesService_Test" name="testGetCommonParentBadge" time="604" />
  <testcase classname="HighlightBadgesService_Test" name="testGetSourceBadge" time="4" />
  <testcase classname="HighlightBadgesService_Test" name="testModalAlert" time="4" />
  <testcase classname="HighlightBadgesService_Test" name="testNoBadgesForRecord" time="4" />
  <testcase classname="HighlightBadgesService_Test" name="testNoDefinitions" time="965" />
  <testcase classname="HighlightBadgesService_Test" name="testNoFieldSet" time="623" />
  <testcase classname="HighlightBadgesService_Test" name="testSOQLLimitHandling" time="1445" />
  <testcase classname="HighlightBadgesService_Test" name="testToastAlert" time="4" />
</testsuite>