<testsuite tests="33">
  <testcase classname="GlobalDescribeService_Test" name="testGetGlobalDescribe" time="80" />
  <testcase classname="GlobalDescribeService_Test" name="testGetGlobalDescribeFromCache" time="31" />
  <testcase classname="GlobalDescribeService_Test" name="testGetSObjectDescribe" time="35" />
  <testcase classname="GlobalDescribeService_Test" name="testGetSObjectDescribeFromCache" time="31" />
  <testcase classname="HighlightBadgeQueryBuilder_Test" name="testBasicQuery" time="12" />
  <testcase classname="HighlightBadgeSetupController_Test" name="testFindInverseRelationshipField" time="490" />
  <testcase classname="HighlightBadgeSetupController_Test" name="testGetChildObjects" time="397" />
  <testcase classname="HighlightBadgeSetupController_Test" name="testGetCommonAncestorObjects" time="58" />
  <testcase classname="HighlightBadgeSetupController_Test" name="testGetDisplayObjects" time="265" />
  <testcase classname="HighlightBadgeSetupController_Test" name="testGetObjectFields" time="24" />
  <testcase classname="HighlightBadgeSetupController_Test" name="testGetObjectFieldsWithException" time="18" />
  <testcase classname="HighlightBadgeSetupController_Test" name="testGetPossibleAncestorPaths" time="27" />
  <testcase classname="HighlightBadgeSetupService_Test" name="testFindInverseRelationshipField" time="152" />
  <testcase classname="HighlightBadgeSetupService_Test" name="testGetChildObjects" time="114" />
  <testcase classname="HighlightBadgeSetupService_Test" name="testGetCommonAncestorObjects" time="53" />
  <testcase classname="HighlightBadgeSetupService_Test" name="testGetDisplayObjects" time="238" />
  <testcase classname="HighlightBadgeSetupService_Test" name="testGetObjectFields" time="23" />
  <testcase classname="HighlightBadgeSetupService_Test" name="testGetObjectFieldsWithException" time="20" />
  <testcase classname="HighlightBadgeSetupService_Test" name="testGetPossibleAncestorPaths" time="30" />
  <testcase classname="HighlightBadgesController_Test" name="testGetBadges" time="881" />
  <testcase classname="HighlightBadgesService_Test" name="testComplexFieldPath" time="846" />
  <testcase classname="HighlightBadgesService_Test" name="testConstructor" time="63" />
  <testcase classname="HighlightBadgesService_Test" name="testGetChildBadge" time="699" />
  <testcase classname="HighlightBadgesService_Test" name="testGetCommonAncestorBadge" time="607" />
  <testcase classname="HighlightBadgesService_Test" name="testGetSourceBadge" time="5" />
  <testcase classname="HighlightBadgesService_Test" name="testModalAlert" time="4" />
  <testcase classname="HighlightBadgesService_Test" name="testNoBadgesForRecord" time="5" />
  <testcase classname="HighlightBadgesService_Test" name="testNoDefinitions" time="766" />
  <testcase classname="HighlightBadgesService_Test" name="testNoFieldSet" time="669" />
  <testcase classname="HighlightBadgesService_Test" name="testSOQLLimitHandling" time="1615" />
  <testcase classname="HighlightBadgesService_Test" name="testToastAlert" time="5" />
  <testcase classname="LookupController_Test" name="testGetDefault" time="6" />
  <testcase classname="LookupController_Test" name="testSearch" time="2" />
</testsuite>