<testsuite tests="33">
  <testcase classname="GlobalDescribeService_Test" name="testGetGlobalDescribe" time="102" />
  <testcase classname="GlobalDescribeService_Test" name="testGetGlobalDescribeFromCache" time="44" />
  <testcase classname="GlobalDescribeService_Test" name="testGetSObjectDescribe" time="42" />
  <testcase classname="GlobalDescribeService_Test" name="testGetSObjectDescribeFromCache" time="39" />
  <testcase classname="HighlightBadgeQueryBuilder_Test" name="testBasicQuery" time="6" />
  <testcase classname="HighlightBadgeSetupController_Test" name="testFindInverseRelationshipField" time="536" />
  <testcase classname="HighlightBadgeSetupController_Test" name="testGetChildObjects" time="549" />
  <testcase classname="HighlightBadgeSetupController_Test" name="testGetCommonAncestorObjects" time="62" />
  <testcase classname="HighlightBadgeSetupController_Test" name="testGetDisplayObjects" time="936" />
  <testcase classname="HighlightBadgeSetupController_Test" name="testGetObjectFields" time="28" />
  <testcase classname="HighlightBadgeSetupController_Test" name="testGetObjectFieldsWithException" time="23" />
  <testcase classname="HighlightBadgeSetupController_Test" name="testGetPossibleAncestorPaths" time="34" />
  <testcase classname="HighlightBadgeSetupService_Test" name="testFindInverseRelationshipField" time="146" />
  <testcase classname="HighlightBadgeSetupService_Test" name="testGetChildObjects" time="431" />
  <testcase classname="HighlightBadgeSetupService_Test" name="testGetCommonAncestorObjects" time="56" />
  <testcase classname="HighlightBadgeSetupService_Test" name="testGetDisplayObjects" time="809" />
  <testcase classname="HighlightBadgeSetupService_Test" name="testGetObjectFields" time="38" />
  <testcase classname="HighlightBadgeSetupService_Test" name="testGetObjectFieldsWithException" time="25" />
  <testcase classname="HighlightBadgeSetupService_Test" name="testGetPossibleAncestorPaths" time="33" />
  <testcase classname="HighlightBadgesController_Test" name="testGetBadges" time="1316" />
  <testcase classname="HighlightBadgesService_Test" name="testComplexFieldPath" time="1078" />
  <testcase classname="HighlightBadgesService_Test" name="testConstructor" time="69" />
  <testcase classname="HighlightBadgesService_Test" name="testGetChildBadge" time="675" />
  <testcase classname="HighlightBadgesService_Test" name="testGetCommonAncestorBadge" time="608" />
  <testcase classname="HighlightBadgesService_Test" name="testGetSourceBadge" time="5" />
  <testcase classname="HighlightBadgesService_Test" name="testModalAlert" time="4" />
  <testcase classname="HighlightBadgesService_Test" name="testNoBadgesForRecord" time="3" />
  <testcase classname="HighlightBadgesService_Test" name="testNoDefinitions" time="1004" />
  <testcase classname="HighlightBadgesService_Test" name="testNoFieldSet" time="666" />
  <testcase classname="HighlightBadgesService_Test" name="testSOQLLimitHandling" time="1443" />
  <testcase classname="HighlightBadgesService_Test" name="testToastAlert" time="4" />
  <testcase classname="LookupController_Test" name="testGetDefault" time="6" />
  <testcase classname="LookupController_Test" name="testSearch" time="3" />
</testsuite>