<testsuite tests="31">
  <testcase classname="GlobalDescribeService_Test" name="testGetGlobalDescribe" time="97" />
  <testcase classname="GlobalDescribeService_Test" name="testGetGlobalDescribeFromCache" time="37" />
  <testcase classname="GlobalDescribeService_Test" name="testGetSObjectDescribe" time="35" />
  <testcase classname="GlobalDescribeService_Test" name="testGetSObjectDescribeFromCache" time="33" />
  <testcase classname="HighlightBadgeQueryBuilder_Test" name="testBasicQuery" time="9" />
  <testcase classname="HighlightBadgeSetupController_Test" name="testFindInverseRelationshipField" time="178" />
  <testcase classname="HighlightBadgeSetupController_Test" name="testGetChildObjects" time="144" />
  <testcase classname="HighlightBadgeSetupController_Test" name="testGetCommonAncestorObjects" time="52" />
  <testcase classname="HighlightBadgeSetupController_Test" name="testGetDisplayObjects" time="493" />
  <testcase classname="HighlightBadgeSetupController_Test" name="testGetObjectFields" time="29" />
  <testcase classname="HighlightBadgeSetupController_Test" name="testGetObjectFieldsWithException" time="22" />
  <testcase classname="HighlightBadgeSetupController_Test" name="testGetPossibleAncestorPaths" time="30" />
  <testcase classname="HighlightBadgeSetupService_Test" name="testFindInverseRelationshipField" time="430" />
  <testcase classname="HighlightBadgeSetupService_Test" name="testGetChildObjects" time="484" />
  <testcase classname="HighlightBadgeSetupService_Test" name="testGetCommonAncestorObjects" time="57" />
  <testcase classname="HighlightBadgeSetupService_Test" name="testGetDisplayObjects" time="622" />
  <testcase classname="HighlightBadgeSetupService_Test" name="testGetObjectFields" time="25" />
  <testcase classname="HighlightBadgeSetupService_Test" name="testGetObjectFieldsWithException" time="20" />
  <testcase classname="HighlightBadgeSetupService_Test" name="testGetPossibleAncestorPaths" time="31" />
  <testcase classname="HighlightBadgesController_Test" name="testGetBadges" time="995" />
  <testcase classname="HighlightBadgesService_Test" name="testComplexFieldPath" time="958" />
  <testcase classname="HighlightBadgesService_Test" name="testConstructor" time="56" />
  <testcase classname="HighlightBadgesService_Test" name="testGetChildBadge" time="568" />
  <testcase classname="HighlightBadgesService_Test" name="testGetCommonAncestorBadge" time="544" />
  <testcase classname="HighlightBadgesService_Test" name="testGetSourceBadge" time="4" />
  <testcase classname="HighlightBadgesService_Test" name="testModalAlert" time="3" />
  <testcase classname="HighlightBadgesService_Test" name="testNoBadgesForRecord" time="4" />
  <testcase classname="HighlightBadgesService_Test" name="testNoDefinitions" time="894" />
  <testcase classname="HighlightBadgesService_Test" name="testNoFieldSet" time="619" />
  <testcase classname="HighlightBadgesService_Test" name="testSOQLLimitHandling" time="1380" />
  <testcase classname="HighlightBadgesService_Test" name="testToastAlert" time="3" />
</testsuite>