<testsuite tests="46">
  <testcase classname="GlobalDescribeService_Test" name="testDoesFieldExist" time="65" />
  <testcase classname="GlobalDescribeService_Test" name="testDoesFieldExistNegative" time="20" />
  <testcase classname="GlobalDescribeService_Test" name="testGetGlobalDescribe" time="33" />
  <testcase classname="GlobalDescribeService_Test" name="testGetGlobalDescribeFromCache" time="32" />
  <testcase classname="GlobalDescribeService_Test" name="testGetSObjectDescribe" time="32" />
  <testcase classname="GlobalDescribeService_Test" name="testGetSObjectDescribeFromCache" time="30" />
  <testcase classname="GlobalDescribeService_Test" name="testGetSObjectNameField" time="51" />
  <testcase classname="HighlightBadgeQueryBuilder_Test" name="testBasicQuery" time="10" />
  <testcase classname="HighlightBadgeSetupController_Test" name="testFindInverseRelationshipField" time="155" />
  <testcase classname="HighlightBadgeSetupController_Test" name="testGetChildObjects" time="163" />
  <testcase classname="HighlightBadgeSetupController_Test" name="testGetChildObjectsWithException" time="18" />
  <testcase classname="HighlightBadgeSetupController_Test" name="testGetCommonAncestorObjects" time="50" />
  <testcase classname="HighlightBadgeSetupController_Test" name="testGetDisplayObjects" time="538" />
  <testcase classname="HighlightBadgeSetupController_Test" name="testGetObjectFields" time="26" />
  <testcase classname="HighlightBadgeSetupController_Test" name="testGetObjectFieldsWithException" time="20" />
  <testcase classname="HighlightBadgeSetupController_Test" name="testGetPossibleAncestorPaths" time="30" />
  <testcase classname="HighlightBadgeSetupService_Test" name="testFindInverseRelationshipField" time="794" />
  <testcase classname="HighlightBadgeSetupService_Test" name="testGetChildObjects" time="489" />
  <testcase classname="HighlightBadgeSetupService_Test" name="testGetCommonAncestorObjects" time="82" />
  <testcase classname="HighlightBadgeSetupService_Test" name="testGetDisplayObjects" time="821" />
  <testcase classname="HighlightBadgeSetupService_Test" name="testGetObjectFields" time="30" />
  <testcase classname="HighlightBadgeSetupService_Test" name="testGetObjectFieldsWithException" time="22" />
  <testcase classname="HighlightBadgeSetupService_Test" name="testGetPossibleAncestorPaths" time="34" />
  <testcase classname="HighlightBadgesController_Test" name="testGetBadges" time="906" />
  <testcase classname="HighlightBadgesController_Test" name="testGetBadgesForPreview" time="576" />
  <testcase classname="HighlightBadgesController_Test" name="testGetBadgesWithException" time="449" />
  <testcase classname="HighlightBadgesController_Test" name="testRunFlow" time="79" />
  <testcase classname="HighlightBadgesController_Test" name="testRunFlowWithException" time="7" />
  <testcase classname="HighlightBadgesService_Test" name="testComplexFieldPath" time="1257" />
  <testcase classname="HighlightBadgesService_Test" name="testConstructor" time="65" />
  <testcase classname="HighlightBadgesService_Test" name="testFormatFieldValues" time="17" />
  <testcase classname="HighlightBadgesService_Test" name="testGetChildBadge" time="662" />
  <testcase classname="HighlightBadgesService_Test" name="testGetCommonAncestorBadge" time="590" />
  <testcase classname="HighlightBadgesService_Test" name="testGetSourceBadge" time="4" />
  <testcase classname="HighlightBadgesService_Test" name="testModalAlert" time="3" />
  <testcase classname="HighlightBadgesService_Test" name="testNoBadgesForRecord" time="4" />
  <testcase classname="HighlightBadgesService_Test" name="testNoDefinitions" time="1062" />
  <testcase classname="HighlightBadgesService_Test" name="testNoFieldSet" time="621" />
  <testcase classname="HighlightBadgesService_Test" name="testSOQLLimitHandling" time="1540" />
  <testcase classname="HighlightBadgesService_Test" name="testToastAlert" time="4" />
  <testcase classname="LookupController_Test" name="testGetDefault" time="91" />
  <testcase classname="LookupController_Test" name="testGetDefaultWithException" time="27" />
  <testcase classname="LookupController_Test" name="testSearch" time="55" />
  <testcase classname="LookupController_Test" name="testSearchWithEmptyInput" time="39" />
  <testcase classname="LookupController_Test" name="testSearchWithException" time="17" />
  <testcase classname="LookupController_Test" name="testSearchWithoutNameField" time="41" />
</testsuite>