<testsuite tests="12">
  <testcase classname="HighlightBadgeQueryBuilder_Test" name="testBasicQuery" time="7" />
  <testcase classname="HighlightBadgesController_Test" name="testGetBadges" time="1049" />
  <testcase classname="HighlightBadgesService_Test" name="testConstructor" time="59" />
  <testcase classname="HighlightBadgesService_Test" name="testGetChildBadge" time="1023" />
  <testcase classname="HighlightBadgesService_Test" name="testGetCommonParentBadge" time="552" />
  <testcase classname="HighlightBadgesService_Test" name="testGetSourceBadge" time="5" />
  <testcase classname="HighlightBadgesService_Test" name="testModalAlert" time="5" />
  <testcase classname="HighlightBadgesService_Test" name="testNoBadgesForRecord" time="4" />
  <testcase classname="HighlightBadgesService_Test" name="testNoDefinitions" time="1121" />
  <testcase classname="HighlightBadgesService_Test" name="testNoFieldSet" time="665" />
  <testcase classname="HighlightBadgesService_Test" name="testSOQLLimitHandling" time="1418" />
  <testcase classname="HighlightBadgesService_Test" name="testToastAlert" time="4" />
</testsuite>