<testsuite tests="48">
  <testcase classname="GlobalDescribeService_Test" name="testDoesFieldExist" time="110" />
  <testcase classname="GlobalDescribeService_Test" name="testDoesFieldExistNegative" time="26" />
  <testcase classname="GlobalDescribeService_Test" name="testGetGlobalDescribe" time="38" />
  <testcase classname="GlobalDescribeService_Test" name="testGetGlobalDescribeFromCache" time="40" />
  <testcase classname="GlobalDescribeService_Test" name="testGetSObjectDescribe" time="37" />
  <testcase classname="GlobalDescribeService_Test" name="testGetSObjectDescribeFromCache" time="47" />
  <testcase classname="GlobalDescribeService_Test" name="testGetSObjectNameField" time="80" />
  <testcase classname="HighlightBadgeQueryBuilder_Test" name="testBasicQuery" time="11" />
  <testcase classname="HighlightBadgeSetupController_Test" name="testFindInverseRelationshipField" time="412" />
  <testcase classname="HighlightBadgeSetupController_Test" name="testGetChildObjects" time="460" />
  <testcase classname="HighlightBadgeSetupController_Test" name="testGetChildObjectsWithException" time="22" />
  <testcase classname="HighlightBadgeSetupController_Test" name="testGetCommonAncestorObjects" time="65" />
  <testcase classname="HighlightBadgeSetupController_Test" name="testGetDisplayObjects" time="842" />
  <testcase classname="HighlightBadgeSetupController_Test" name="testGetObjectFields" time="29" />
  <testcase classname="HighlightBadgeSetupController_Test" name="testGetObjectFieldsWithException" time="26" />
  <testcase classname="HighlightBadgeSetupController_Test" name="testGetPossibleAncestorPaths" time="31" />
  <testcase classname="HighlightBadgeSetupService_Test" name="testFindInverseRelationshipField" time="522" />
  <testcase classname="HighlightBadgeSetupService_Test" name="testGetChildObjects" time="512" />
  <testcase classname="HighlightBadgeSetupService_Test" name="testGetCommonAncestorObjects" time="71" />
  <testcase classname="HighlightBadgeSetupService_Test" name="testGetDisplayObjects" time="689" />
  <testcase classname="HighlightBadgeSetupService_Test" name="testGetObjectFields" time="30" />
  <testcase classname="HighlightBadgeSetupService_Test" name="testGetObjectFieldsWithException" time="26" />
  <testcase classname="HighlightBadgeSetupService_Test" name="testGetPossibleAncestorPaths" time="46" />
  <testcase classname="HighlightBadgesController_Test" name="makeData" time="1173" />
  <testcase classname="HighlightBadgesController_Test" name="testGetBadges" time="1350" />
  <testcase classname="HighlightBadgesController_Test" name="testGetBadgesForPreview" time="721" />
  <testcase classname="HighlightBadgesController_Test" name="testGetBadgesWithException" time="613" />
  <testcase classname="HighlightBadgesController_Test" name="testRunFlowWithException" time="10" />
  <testcase classname="HighlightBadgesService_Test" name="makeData" time="5840" />
  <testcase classname="HighlightBadgesService_Test" name="testComplexFieldPath" time="1296" />
  <testcase classname="HighlightBadgesService_Test" name="testConstructor" time="71" />
  <testcase classname="HighlightBadgesService_Test" name="testFormatFieldValues" time="19" />
  <testcase classname="HighlightBadgesService_Test" name="testGetChildBadge" time="1265" />
  <testcase classname="HighlightBadgesService_Test" name="testGetCommonAncestorBadge" time="754" />
  <testcase classname="HighlightBadgesService_Test" name="testGetSourceBadge" time="5" />
  <testcase classname="HighlightBadgesService_Test" name="testModalAlert" time="3" />
  <testcase classname="HighlightBadgesService_Test" name="testNoBadgesForRecord" time="3" />
  <testcase classname="HighlightBadgesService_Test" name="testNoDefinitions" time="18877" />
  <testcase classname="HighlightBadgesService_Test" name="testNoFieldSet" time="841" />
  <testcase classname="HighlightBadgesService_Test" name="testSOQLLimitHandling" time="2185" />
  <testcase classname="HighlightBadgesService_Test" name="testToastAlert" time="4" />
  <testcase classname="LookupController_Test" name="makeData" time="1254" />
  <testcase classname="LookupController_Test" name="testGetDefault" time="105" />
  <testcase classname="LookupController_Test" name="testGetDefaultWithException" time="31" />
  <testcase classname="LookupController_Test" name="testSearch" time="84" />
  <testcase classname="LookupController_Test" name="testSearchWithEmptyInput" time="51" />
  <testcase classname="LookupController_Test" name="testSearchWithException" time="24" />
  <testcase classname="LookupController_Test" name="testSearchWithoutNameField" time="59" />
</testsuite>