<testsuite tests="48">
  <testcase classname="GlobalDescribeService_Test" name="testDoesFieldExist" time="76" />
  <testcase classname="GlobalDescribeService_Test" name="testDoesFieldExistNegative" time="20" />
  <testcase classname="GlobalDescribeService_Test" name="testGetGlobalDescribe" time="43" />
  <testcase classname="GlobalDescribeService_Test" name="testGetGlobalDescribeFromCache" time="41" />
  <testcase classname="GlobalDescribeService_Test" name="testGetSObjectDescribe" time="42" />
  <testcase classname="GlobalDescribeService_Test" name="testGetSObjectDescribeFromCache" time="35" />
  <testcase classname="GlobalDescribeService_Test" name="testGetSObjectNameField" time="40" />
  <testcase classname="HighlightBadgeQueryBuilder_Test" name="testBasicQuery" time="6" />
  <testcase classname="HighlightBadgeSetupController_Test" name="testFindInverseRelationshipField" time="188" />
  <testcase classname="HighlightBadgeSetupController_Test" name="testGetChildObjects" time="172" />
  <testcase classname="HighlightBadgeSetupController_Test" name="testGetChildObjectsWithException" time="18" />
  <testcase classname="HighlightBadgeSetupController_Test" name="testGetCommonAncestorObjects" time="57" />
  <testcase classname="HighlightBadgeSetupController_Test" name="testGetDisplayObjects" time="544" />
  <testcase classname="HighlightBadgeSetupController_Test" name="testGetObjectFields" time="25" />
  <testcase classname="HighlightBadgeSetupController_Test" name="testGetObjectFieldsWithException" time="20" />
  <testcase classname="HighlightBadgeSetupController_Test" name="testGetPossibleAncestorPaths" time="37" />
  <testcase classname="HighlightBadgeSetupService_Test" name="testFindInverseRelationshipField" time="174" />
  <testcase classname="HighlightBadgeSetupService_Test" name="testGetChildObjects" time="183" />
  <testcase classname="HighlightBadgeSetupService_Test" name="testGetCommonAncestorObjects" time="61" />
  <testcase classname="HighlightBadgeSetupService_Test" name="testGetDisplayObjects" time="642" />
  <testcase classname="HighlightBadgeSetupService_Test" name="testGetObjectFields" time="27" />
  <testcase classname="HighlightBadgeSetupService_Test" name="testGetObjectFieldsWithException" time="19" />
  <testcase classname="HighlightBadgeSetupService_Test" name="testGetPossibleAncestorPaths" time="30" />
  <testcase classname="HighlightBadgesController_Test" name="makeData" time="448" />
  <testcase classname="HighlightBadgesController_Test" name="testGetBadges" time="1448" />
  <testcase classname="HighlightBadgesController_Test" name="testGetBadgesForPreview" time="720" />
  <testcase classname="HighlightBadgesController_Test" name="testGetBadgesWithException" time="576" />
  <testcase classname="HighlightBadgesController_Test" name="testRunFlowWithException" time="9" />
  <testcase classname="HighlightBadgesService_Test" name="makeData" time="631" />
  <testcase classname="HighlightBadgesService_Test" name="testComplexFieldPath" time="1182" />
  <testcase classname="HighlightBadgesService_Test" name="testConstructor" time="67" />
  <testcase classname="HighlightBadgesService_Test" name="testFormatFieldValues" time="12" />
  <testcase classname="HighlightBadgesService_Test" name="testGetChildBadge" time="1018" />
  <testcase classname="HighlightBadgesService_Test" name="testGetCommonAncestorBadge" time="675" />
  <testcase classname="HighlightBadgesService_Test" name="testGetSourceBadge" time="6" />
  <testcase classname="HighlightBadgesService_Test" name="testModalAlert" time="5" />
  <testcase classname="HighlightBadgesService_Test" name="testNoBadgesForRecord" time="4" />
  <testcase classname="HighlightBadgesService_Test" name="testNoDefinitions" time="939" />
  <testcase classname="HighlightBadgesService_Test" name="testNoFieldSet" time="730" />
  <testcase classname="HighlightBadgesService_Test" name="testSOQLLimitHandling" time="1633" />
  <testcase classname="HighlightBadgesService_Test" name="testToastAlert" time="4" />
  <testcase classname="LookupController_Test" name="makeData" time="268" />
  <testcase classname="LookupController_Test" name="testGetDefault" time="131" />
  <testcase classname="LookupController_Test" name="testGetDefaultWithException" time="36" />
  <testcase classname="LookupController_Test" name="testSearch" time="87" />
  <testcase classname="LookupController_Test" name="testSearchWithEmptyInput" time="66" />
  <testcase classname="LookupController_Test" name="testSearchWithException" time="19" />
  <testcase classname="LookupController_Test" name="testSearchWithoutNameField" time="73" />
</testsuite>