<testsuite tests="44">
  <testcase classname="GlobalDescribeService_Test" name="testDoesFieldExist" time="82" />
  <testcase classname="GlobalDescribeService_Test" name="testDoesFieldExistNegative" time="22" />
  <testcase classname="GlobalDescribeService_Test" name="testGetGlobalDescribe" time="44" />
  <testcase classname="GlobalDescribeService_Test" name="testGetGlobalDescribeFromCache" time="43" />
  <testcase classname="GlobalDescribeService_Test" name="testGetSObjectDescribe" time="35" />
  <testcase classname="GlobalDescribeService_Test" name="testGetSObjectDescribeFromCache" time="35" />
  <testcase classname="GlobalDescribeService_Test" name="testGetSObjectNameField" time="56" />
  <testcase classname="HighlightBadgeQueryBuilder_Test" name="testBasicQuery" time="9" />
  <testcase classname="HighlightBadgeSetupController_Test" name="testFindInverseRelationshipField" time="462" />
  <testcase classname="HighlightBadgeSetupController_Test" name="testGetChildObjects" time="460" />
  <testcase classname="HighlightBadgeSetupController_Test" name="testGetChildObjectsWithException" time="18" />
  <testcase classname="HighlightBadgeSetupController_Test" name="testGetCommonAncestorObjects" time="50" />
  <testcase classname="HighlightBadgeSetupController_Test" name="testGetDisplayObjects" time="756" />
  <testcase classname="HighlightBadgeSetupController_Test" name="testGetObjectFields" time="24" />
  <testcase classname="HighlightBadgeSetupController_Test" name="testGetObjectFieldsWithException" time="20" />
  <testcase classname="HighlightBadgeSetupController_Test" name="testGetPossibleAncestorPaths" time="39" />
  <testcase classname="HighlightBadgeSetupService_Test" name="testFindInverseRelationshipField" time="172" />
  <testcase classname="HighlightBadgeSetupService_Test" name="testGetChildObjects" time="173" />
  <testcase classname="HighlightBadgeSetupService_Test" name="testGetCommonAncestorObjects" time="55" />
  <testcase classname="HighlightBadgeSetupService_Test" name="testGetDisplayObjects" time="579" />
  <testcase classname="HighlightBadgeSetupService_Test" name="testGetObjectFields" time="28" />
  <testcase classname="HighlightBadgeSetupService_Test" name="testGetObjectFieldsWithException" time="20" />
  <testcase classname="HighlightBadgeSetupService_Test" name="testGetPossibleAncestorPaths" time="30" />
  <testcase classname="HighlightBadgesController_Test" name="testGetBadges" time="1221" />
  <testcase classname="HighlightBadgesController_Test" name="testGetBadgesForPreview" time="669" />
  <testcase classname="HighlightBadgesController_Test" name="testGetBadgesWithException" time="574" />
  <testcase classname="HighlightBadgesService_Test" name="testComplexFieldPath" time="1190" />
  <testcase classname="HighlightBadgesService_Test" name="testConstructor" time="65" />
  <testcase classname="HighlightBadgesService_Test" name="testFormatFieldValues" time="20" />
  <testcase classname="HighlightBadgesService_Test" name="testGetChildBadge" time="732" />
  <testcase classname="HighlightBadgesService_Test" name="testGetCommonAncestorBadge" time="651" />
  <testcase classname="HighlightBadgesService_Test" name="testGetSourceBadge" time="5" />
  <testcase classname="HighlightBadgesService_Test" name="testModalAlert" time="4" />
  <testcase classname="HighlightBadgesService_Test" name="testNoBadgesForRecord" time="5" />
  <testcase classname="HighlightBadgesService_Test" name="testNoDefinitions" time="1516" />
  <testcase classname="HighlightBadgesService_Test" name="testNoFieldSet" time="715" />
  <testcase classname="HighlightBadgesService_Test" name="testSOQLLimitHandling" time="2043" />
  <testcase classname="HighlightBadgesService_Test" name="testToastAlert" time="6" />
  <testcase classname="LookupController_Test" name="testGetDefault" time="122" />
  <testcase classname="LookupController_Test" name="testGetDefaultWithException" time="33" />
  <testcase classname="LookupController_Test" name="testSearch" time="77" />
  <testcase classname="LookupController_Test" name="testSearchWithEmptyInput" time="52" />
  <testcase classname="LookupController_Test" name="testSearchWithException" time="20" />
  <testcase classname="LookupController_Test" name="testSearchWithoutNameField" time="44" />
</testsuite>