<testsuite tests="21">
  <testcase classname="HighlightBadgeQueryBuilder_Test" name="testBasicQuery" time="27" />
  <testcase classname="HighlightBadgeSetupController_Test" name="testFindInverseRelationshipField" time="1460" />
  <testcase classname="HighlightBadgeSetupController_Test" name="testGetChildObjects" time="621" />
  <testcase classname="HighlightBadgeSetupController_Test" name="testGetCommonAncestorObjects" time="409" />
  <testcase classname="HighlightBadgeSetupController_Test" name="testGetDisplayObjects" time="382" />
  <testcase classname="HighlightBadgeSetupController_Test" name="testGetObjectFields" time="45" />
  <testcase classname="HighlightBadgeSetupController_Test" name="testGetObjectFieldsWithException" time="23" />
  <testcase classname="HighlightBadgeSetupController_Test" name="testGetPossibleAncestorPaths" time="330" />
  <testcase classname="HighlightBadgesController_Test" name="testGetBadges" time="1109" />
  <testcase classname="HighlightBadgesService_Test" name="testComplexFieldPath" time="952" />
  <testcase classname="HighlightBadgesService_Test" name="testConstructor" time="80" />
  <testcase classname="HighlightBadgesService_Test" name="testGetChildBadge" time="555" />
  <testcase classname="HighlightBadgesService_Test" name="testGetCommonAncestorBadge" time="576" />
  <testcase classname="HighlightBadgesService_Test" name="testGetSourceBadge" time="5" />
  <testcase classname="HighlightBadgesService_Test" name="testModalAlert" time="4" />
  <testcase classname="HighlightBadgesService_Test" name="testNoBadgesForRecord" time="4" />
  <testcase classname="HighlightBadgesService_Test" name="testNoDefinitions" time="856" />
  <testcase classname="HighlightBadgesService_Test" name="testNoFieldSet" time="628" />
  <testcase classname="HighlightBadgesService_Test" name="testOncePerSessionAlert" time="768" />
  <testcase classname="HighlightBadgesService_Test" name="testSOQLLimitHandling" time="2535" />
  <testcase classname="HighlightBadgesService_Test" name="testToastAlert" time="5" />
</testsuite>