<testsuite tests="31">
  <testcase classname="GlobalDescribeService_Test" name="testGetGlobalDescribe" time="97" />
  <testcase classname="GlobalDescribeService_Test" name="testGetGlobalDescribeFromCache" time="31" />
  <testcase classname="GlobalDescribeService_Test" name="testGetSObjectDescribe" time="34" />
  <testcase classname="GlobalDescribeService_Test" name="testGetSObjectDescribeFromCache" time="23" />
  <testcase classname="HighlightBadgeQueryBuilder_Test" name="testBasicQuery" time="11" />
  <testcase classname="HighlightBadgeSetupController_Test" name="testFindInverseRelationshipField" time="175" />
  <testcase classname="HighlightBadgeSetupController_Test" name="testGetChildObjects" time="104" />
  <testcase classname="HighlightBadgeSetupController_Test" name="testGetCommonAncestorObjects" time="52" />
  <testcase classname="HighlightBadgeSetupController_Test" name="testGetDisplayObjects" time="227" />
  <testcase classname="HighlightBadgeSetupController_Test" name="testGetObjectFields" time="22" />
  <testcase classname="HighlightBadgeSetupController_Test" name="testGetObjectFieldsWithException" time="18" />
  <testcase classname="HighlightBadgeSetupController_Test" name="testGetPossibleAncestorPaths" time="30" />
  <testcase classname="HighlightBadgeSetupService_Test" name="testFindInverseRelationshipField" time="442" />
  <testcase classname="HighlightBadgeSetupService_Test" name="testGetChildObjects" time="376" />
  <testcase classname="HighlightBadgeSetupService_Test" name="testGetCommonAncestorObjects" time="59" />
  <testcase classname="HighlightBadgeSetupService_Test" name="testGetDisplayObjects" time="266" />
  <testcase classname="HighlightBadgeSetupService_Test" name="testGetObjectFields" time="21" />
  <testcase classname="HighlightBadgeSetupService_Test" name="testGetObjectFieldsWithException" time="17" />
  <testcase classname="HighlightBadgeSetupService_Test" name="testGetPossibleAncestorPaths" time="28" />
  <testcase classname="HighlightBadgesController_Test" name="testGetBadges" time="788" />
  <testcase classname="HighlightBadgesService_Test" name="testComplexFieldPath" time="991" />
  <testcase classname="HighlightBadgesService_Test" name="testConstructor" time="57" />
  <testcase classname="HighlightBadgesService_Test" name="testGetChildBadge" time="531" />
  <testcase classname="HighlightBadgesService_Test" name="testGetCommonAncestorBadge" time="563" />
  <testcase classname="HighlightBadgesService_Test" name="testGetSourceBadge" time="4" />
  <testcase classname="HighlightBadgesService_Test" name="testModalAlert" time="3" />
  <testcase classname="HighlightBadgesService_Test" name="testNoBadgesForRecord" time="3" />
  <testcase classname="HighlightBadgesService_Test" name="testNoDefinitions" time="915" />
  <testcase classname="HighlightBadgesService_Test" name="testNoFieldSet" time="572" />
  <testcase classname="HighlightBadgesService_Test" name="testSOQLLimitHandling" time="1316" />
  <testcase classname="HighlightBadgesService_Test" name="testToastAlert" time="4" />
</testsuite>