<testsuite tests="24">
  <testcase classname="GlobalDescribeService_Test" name="testGetGlobalDescribe" time="104" />
  <testcase classname="GlobalDescribeService_Test" name="testGetGlobalDescribeFromCache" time="35" />
  <testcase classname="GlobalDescribeService_Test" name="testGetSObjectDescribe" time="35" />
  <testcase classname="GlobalDescribeService_Test" name="testGetSObjectDescribeFromCache" time="34" />
  <testcase classname="HighlightBadgeQueryBuilder_Test" name="testBasicQuery" time="8" />
  <testcase classname="HighlightBadgeSetupController_Test" name="testFindInverseRelationshipField" time="484" />
  <testcase classname="HighlightBadgeSetupController_Test" name="testGetChildObjects" time="466" />
  <testcase classname="HighlightBadgeSetupController_Test" name="testGetCommonAncestorObjects" time="216" />
  <testcase classname="HighlightBadgeSetupController_Test" name="testGetDisplayObjects" time="670" />
  <testcase classname="HighlightBadgeSetupController_Test" name="testGetObjectFields" time="27" />
  <testcase classname="HighlightBadgeSetupController_Test" name="testGetObjectFieldsWithException" time="23" />
  <testcase classname="HighlightBadgeSetupController_Test" name="testGetPossibleAncestorPaths" time="34" />
  <testcase classname="HighlightBadgesController_Test" name="testGetBadges" time="1014" />
  <testcase classname="HighlightBadgesService_Test" name="testComplexFieldPath" time="1014" />
  <testcase classname="HighlightBadgesService_Test" name="testConstructor" time="66" />
  <testcase classname="HighlightBadgesService_Test" name="testGetChildBadge" time="629" />
  <testcase classname="HighlightBadgesService_Test" name="testGetCommonAncestorBadge" time="577" />
  <testcase classname="HighlightBadgesService_Test" name="testGetSourceBadge" time="4" />
  <testcase classname="HighlightBadgesService_Test" name="testModalAlert" time="4" />
  <testcase classname="HighlightBadgesService_Test" name="testNoBadgesForRecord" time="4" />
  <testcase classname="HighlightBadgesService_Test" name="testNoDefinitions" time="976" />
  <testcase classname="HighlightBadgesService_Test" name="testNoFieldSet" time="636" />
  <testcase classname="HighlightBadgesService_Test" name="testSOQLLimitHandling" time="1567" />
  <testcase classname="HighlightBadgesService_Test" name="testToastAlert" time="4" />
</testsuite>