<testsuite tests="50">
  <testcase classname="GlobalDescribeService_Test" name="testDoesFieldExist" time="72" />
  <testcase classname="GlobalDescribeService_Test" name="testDoesFieldExistNegative" time="19" />
  <testcase classname="GlobalDescribeService_Test" name="testGetGlobalDescribe" time="28" />
  <testcase classname="GlobalDescribeService_Test" name="testGetGlobalDescribeFromCache" time="28" />
  <testcase classname="GlobalDescribeService_Test" name="testGetSObjectDescribe" time="24" />
  <testcase classname="GlobalDescribeService_Test" name="testGetSObjectDescribeFromCache" time="22" />
  <testcase classname="GlobalDescribeService_Test" name="testGetSObjectNameField" time="33" />
  <testcase classname="HighlightBadgeActionsMgrController_Test" name="makeData" time="175" />
  <testcase classname="HighlightBadgeActionsMgrController_Test" name="testGetActions" time="951" />
  <testcase classname="HighlightBadgeQueryBuilder_Test" name="testBasicQuery" time="8" />
  <testcase classname="HighlightBadgeSetupController_Test" name="testFindInverseRelationshipField" time="155" />
  <testcase classname="HighlightBadgeSetupController_Test" name="testGetChildObjects" time="401" />
  <testcase classname="HighlightBadgeSetupController_Test" name="testGetChildObjectsWithException" time="18" />
  <testcase classname="HighlightBadgeSetupController_Test" name="testGetCommonAncestorObjects" time="50" />
  <testcase classname="HighlightBadgeSetupController_Test" name="testGetDisplayObjects" time="637" />
  <testcase classname="HighlightBadgeSetupController_Test" name="testGetObjectFields" time="25" />
  <testcase classname="HighlightBadgeSetupController_Test" name="testGetObjectFieldsWithException" time="21" />
  <testcase classname="HighlightBadgeSetupController_Test" name="testGetPossibleAncestorPaths" time="29" />
  <testcase classname="HighlightBadgeSetupService_Test" name="testFindInverseRelationshipField" time="458" />
  <testcase classname="HighlightBadgeSetupService_Test" name="testGetChildObjects" time="469" />
  <testcase classname="HighlightBadgeSetupService_Test" name="testGetCommonAncestorObjects" time="242" />
  <testcase classname="HighlightBadgeSetupService_Test" name="testGetDisplayObjects" time="535" />
  <testcase classname="HighlightBadgeSetupService_Test" name="testGetObjectFields" time="27" />
  <testcase classname="HighlightBadgeSetupService_Test" name="testGetObjectFieldsWithException" time="23" />
  <testcase classname="HighlightBadgeSetupService_Test" name="testGetPossibleAncestorPaths" time="34" />
  <testcase classname="HighlightBadgesController_Test" name="makeData" time="283" />
  <testcase classname="HighlightBadgesController_Test" name="testGetBadges" time="1250" />
  <testcase classname="HighlightBadgesController_Test" name="testGetBadgesForPreview" time="679" />
  <testcase classname="HighlightBadgesController_Test" name="testGetBadgesWithException" time="539" />
  <testcase classname="HighlightBadgesController_Test" name="testRunFlowWithException" time="7" />
  <testcase classname="HighlightBadgesService_Test" name="makeData" time="417" />
  <testcase classname="HighlightBadgesService_Test" name="testComplexFieldPath" time="1033" />
  <testcase classname="HighlightBadgesService_Test" name="testConstructor" time="56" />
  <testcase classname="HighlightBadgesService_Test" name="testFormatFieldValues" time="18" />
  <testcase classname="HighlightBadgesService_Test" name="testGetChildBadge" time="672" />
  <testcase classname="HighlightBadgesService_Test" name="testGetCommonAncestorBadge" time="625" />
  <testcase classname="HighlightBadgesService_Test" name="testGetSourceBadge" time="5" />
  <testcase classname="HighlightBadgesService_Test" name="testModalAlert" time="3" />
  <testcase classname="HighlightBadgesService_Test" name="testNoBadgesForRecord" time="4" />
  <testcase classname="HighlightBadgesService_Test" name="testNoDefinitions" time="1016" />
  <testcase classname="HighlightBadgesService_Test" name="testNoFieldSet" time="668" />
  <testcase classname="HighlightBadgesService_Test" name="testSOQLLimitHandling" time="1632" />
  <testcase classname="HighlightBadgesService_Test" name="testToastAlert" time="5" />
  <testcase classname="LookupController_Test" name="makeData" time="412" />
  <testcase classname="LookupController_Test" name="testGetDefault" time="83" />
  <testcase classname="LookupController_Test" name="testGetDefaultWithException" time="29" />
  <testcase classname="LookupController_Test" name="testSearch" time="66" />
  <testcase classname="LookupController_Test" name="testSearchWithEmptyInput" time="48" />
  <testcase classname="LookupController_Test" name="testSearchWithException" time="21" />
  <testcase classname="LookupController_Test" name="testSearchWithoutNameField" time="42" />
</testsuite>