<testsuite tests="33">
  <testcase classname="GlobalDescribeService_Test" name="testGetGlobalDescribe" time="76" />
  <testcase classname="GlobalDescribeService_Test" name="testGetGlobalDescribeFromCache" time="33" />
  <testcase classname="GlobalDescribeService_Test" name="testGetSObjectDescribe" time="33" />
  <testcase classname="GlobalDescribeService_Test" name="testGetSObjectDescribeFromCache" time="31" />
  <testcase classname="HighlightBadgeQueryBuilder_Test" name="testBasicQuery" time="12" />
  <testcase classname="HighlightBadgeSetupController_Test" name="testFindInverseRelationshipField" time="148" />
  <testcase classname="HighlightBadgeSetupController_Test" name="testGetChildObjects" time="154" />
  <testcase classname="HighlightBadgeSetupController_Test" name="testGetCommonAncestorObjects" time="56" />
  <testcase classname="HighlightBadgeSetupController_Test" name="testGetDisplayObjects" time="554" />
  <testcase classname="HighlightBadgeSetupController_Test" name="testGetObjectFields" time="24" />
  <testcase classname="HighlightBadgeSetupController_Test" name="testGetObjectFieldsWithException" time="20" />
  <testcase classname="HighlightBadgeSetupController_Test" name="testGetPossibleAncestorPaths" time="32" />
  <testcase classname="HighlightBadgeSetupService_Test" name="testFindInverseRelationshipField" time="154" />
  <testcase classname="HighlightBadgeSetupService_Test" name="testGetChildObjects" time="157" />
  <testcase classname="HighlightBadgeSetupService_Test" name="testGetCommonAncestorObjects" time="52" />
  <testcase classname="HighlightBadgeSetupService_Test" name="testGetDisplayObjects" time="516" />
  <testcase classname="HighlightBadgeSetupService_Test" name="testGetObjectFields" time="25" />
  <testcase classname="HighlightBadgeSetupService_Test" name="testGetObjectFieldsWithException" time="19" />
  <testcase classname="HighlightBadgeSetupService_Test" name="testGetPossibleAncestorPaths" time="29" />
  <testcase classname="HighlightBadgesController_Test" name="testGetBadges" time="879" />
  <testcase classname="HighlightBadgesService_Test" name="testComplexFieldPath" time="896" />
  <testcase classname="HighlightBadgesService_Test" name="testConstructor" time="60" />
  <testcase classname="HighlightBadgesService_Test" name="testGetChildBadge" time="563" />
  <testcase classname="HighlightBadgesService_Test" name="testGetCommonAncestorBadge" time="530" />
  <testcase classname="HighlightBadgesService_Test" name="testGetSourceBadge" time="4" />
  <testcase classname="HighlightBadgesService_Test" name="testModalAlert" time="3" />
  <testcase classname="HighlightBadgesService_Test" name="testNoBadgesForRecord" time="3" />
  <testcase classname="HighlightBadgesService_Test" name="testNoDefinitions" time="633" />
  <testcase classname="HighlightBadgesService_Test" name="testNoFieldSet" time="584" />
  <testcase classname="HighlightBadgesService_Test" name="testSOQLLimitHandling" time="1357" />
  <testcase classname="HighlightBadgesService_Test" name="testToastAlert" time="4" />
  <testcase classname="LookupController_Test" name="testGetDefault" time="15" />
  <testcase classname="LookupController_Test" name="testSearch" time="3" />
</testsuite>