<testsuite tests="31">
  <testcase classname="GlobalDescribeService_Test" name="testGetGlobalDescribe" time="81" />
  <testcase classname="GlobalDescribeService_Test" name="testGetGlobalDescribeFromCache" time="37" />
  <testcase classname="GlobalDescribeService_Test" name="testGetSObjectDescribe" time="37" />
  <testcase classname="GlobalDescribeService_Test" name="testGetSObjectDescribeFromCache" time="32" />
  <testcase classname="HighlightBadgeQueryBuilder_Test" name="testBasicQuery" time="11" />
  <testcase classname="HighlightBadgeSetupController_Test" name="testFindInverseRelationshipField" time="170" />
  <testcase classname="HighlightBadgeSetupController_Test" name="testGetChildObjects" time="158" />
  <testcase classname="HighlightBadgeSetupController_Test" name="testGetCommonAncestorObjects" time="56" />
  <testcase classname="HighlightBadgeSetupController_Test" name="testGetDisplayObjects" time="503" />
  <testcase classname="HighlightBadgeSetupController_Test" name="testGetObjectFields" time="25" />
  <testcase classname="HighlightBadgeSetupController_Test" name="testGetObjectFieldsWithException" time="19" />
  <testcase classname="HighlightBadgeSetupController_Test" name="testGetPossibleAncestorPaths" time="39" />
  <testcase classname="HighlightBadgeSetupService_Test" name="testFindInverseRelationshipField" time="394" />
  <testcase classname="HighlightBadgeSetupService_Test" name="testGetChildObjects" time="370" />
  <testcase classname="HighlightBadgeSetupService_Test" name="testGetCommonAncestorObjects" time="57" />
  <testcase classname="HighlightBadgeSetupService_Test" name="testGetDisplayObjects" time="594" />
  <testcase classname="HighlightBadgeSetupService_Test" name="testGetObjectFields" time="24" />
  <testcase classname="HighlightBadgeSetupService_Test" name="testGetObjectFieldsWithException" time="19" />
  <testcase classname="HighlightBadgeSetupService_Test" name="testGetPossibleAncestorPaths" time="30" />
  <testcase classname="HighlightBadgesController_Test" name="testGetBadges" time="897" />
  <testcase classname="HighlightBadgesService_Test" name="testComplexFieldPath" time="920" />
  <testcase classname="HighlightBadgesService_Test" name="testConstructor" time="58" />
  <testcase classname="HighlightBadgesService_Test" name="testGetChildBadge" time="574" />
  <testcase classname="HighlightBadgesService_Test" name="testGetCommonAncestorBadge" time="547" />
  <testcase classname="HighlightBadgesService_Test" name="testGetSourceBadge" time="6" />
  <testcase classname="HighlightBadgesService_Test" name="testModalAlert" time="3" />
  <testcase classname="HighlightBadgesService_Test" name="testNoBadgesForRecord" time="3" />
  <testcase classname="HighlightBadgesService_Test" name="testNoDefinitions" time="876" />
  <testcase classname="HighlightBadgesService_Test" name="testNoFieldSet" time="587" />
  <testcase classname="HighlightBadgesService_Test" name="testSOQLLimitHandling" time="1373" />
  <testcase classname="HighlightBadgesService_Test" name="testToastAlert" time="4" />
</testsuite>