<testsuite tests="18">
  <testcase classname="HighlightBadgeQueryBuilder_Test" name="testBasicQuery" time="8" />
  <testcase classname="HighlightBadgeSetupController_Test" name="testFindInverseRelationshipField" time="1204" />
  <testcase classname="HighlightBadgeSetupController_Test" name="testGetChildObjects" time="559" />
  <testcase classname="HighlightBadgeSetupController_Test" name="testGetCommonAncestorObjects" time="148" />
  <testcase classname="HighlightBadgeSetupController_Test" name="testGetDisplayObjects" time="111" />
  <testcase classname="HighlightBadgeSetupController_Test" name="testGetPossibleAncestorPaths" time="101" />
  <testcase classname="HighlightBadgesController_Test" name="testGetBadges" time="1025" />
  <testcase classname="HighlightBadgesService_Test" name="testComplexFieldPath" time="886" />
  <testcase classname="HighlightBadgesService_Test" name="testConstructor" time="55" />
  <testcase classname="HighlightBadgesService_Test" name="testGetChildBadge" time="506" />
  <testcase classname="HighlightBadgesService_Test" name="testGetCommonAncestorBadge" time="508" />
  <testcase classname="HighlightBadgesService_Test" name="testGetSourceBadge" time="4" />
  <testcase classname="HighlightBadgesService_Test" name="testModalAlert" time="4" />
  <testcase classname="HighlightBadgesService_Test" name="testNoBadgesForRecord" time="4" />
  <testcase classname="HighlightBadgesService_Test" name="testNoDefinitions" time="1068" />
  <testcase classname="HighlightBadgesService_Test" name="testNoFieldSet" time="584" />
  <testcase classname="HighlightBadgesService_Test" name="testSOQLLimitHandling" time="1366" />
  <testcase classname="HighlightBadgesService_Test" name="testToastAlert" time="4" />
</testsuite>