<testsuite tests="8">
  <testcase classname="HighlightBadgeQueryBuilder_Test" name="testBasicQuery" time="8" />
  <testcase classname="HighlightBadgesController_Test" name="testGetBadges" time="832" />
  <testcase classname="HighlightBadgesService_Test" name="testConstructor" time="50" />
  <testcase classname="HighlightBadgesService_Test" name="testGetChildBadge" time="720" />
  <testcase classname="HighlightBadgesService_Test" name="testGetCommonParentBadge" time="454" />
  <testcase classname="HighlightBadgesService_Test" name="testGetSourceBadge" time="3" />
  <testcase classname="HighlightBadgesService_Test" name="testNoBadgesForRecord" time="3" />
  <testcase classname="HighlightBadgesService_Test" name="testSOQLLimitHandling" time="1143" />
</testsuite>