<testsuite tests="50">
  <testcase classname="GlobalDescribeService_Test" name="testDoesFieldExist" time="91" />
  <testcase classname="GlobalDescribeService_Test" name="testDoesFieldExistNegative" time="15" />
  <testcase classname="GlobalDescribeService_Test" name="testGetGlobalDescribe" time="30" />
  <testcase classname="GlobalDescribeService_Test" name="testGetGlobalDescribeFromCache" time="33" />
  <testcase classname="GlobalDescribeService_Test" name="testGetSObjectDescribe" time="27" />
  <testcase classname="GlobalDescribeService_Test" name="testGetSObjectDescribeFromCache" time="34" />
  <testcase classname="GlobalDescribeService_Test" name="testGetSObjectNameField" time="36" />
  <testcase classname="HighlightBadgeActionsMgrController_Test" name="makeData" time="182" />
  <testcase classname="HighlightBadgeActionsMgrController_Test" name="testGetActions" time="1101" />
  <testcase classname="HighlightBadgeQueryBuilder_Test" name="testBasicQuery" time="14" />
  <testcase classname="HighlightBadgeSetupController_Test" name="testFindInverseRelationshipField" time="458" />
  <testcase classname="HighlightBadgeSetupController_Test" name="testGetChildObjects" time="470" />
  <testcase classname="HighlightBadgeSetupController_Test" name="testGetChildObjectsWithException" time="16" />
  <testcase classname="HighlightBadgeSetupController_Test" name="testGetCommonAncestorObjects" time="49" />
  <testcase classname="HighlightBadgeSetupController_Test" name="testGetDisplayObjects" time="635" />
  <testcase classname="HighlightBadgeSetupController_Test" name="testGetObjectFields" time="21" />
  <testcase classname="HighlightBadgeSetupController_Test" name="testGetObjectFieldsWithException" time="18" />
  <testcase classname="HighlightBadgeSetupController_Test" name="testGetPossibleAncestorPaths" time="26" />
  <testcase classname="HighlightBadgeSetupService_Test" name="testFindInverseRelationshipField" time="451" />
  <testcase classname="HighlightBadgeSetupService_Test" name="testGetChildObjects" time="474" />
  <testcase classname="HighlightBadgeSetupService_Test" name="testGetCommonAncestorObjects" time="54" />
  <testcase classname="HighlightBadgeSetupService_Test" name="testGetDisplayObjects" time="679" />
  <testcase classname="HighlightBadgeSetupService_Test" name="testGetObjectFields" time="21" />
  <testcase classname="HighlightBadgeSetupService_Test" name="testGetObjectFieldsWithException" time="16" />
  <testcase classname="HighlightBadgeSetupService_Test" name="testGetPossibleAncestorPaths" time="26" />
  <testcase classname="HighlightBadgesController_Test" name="makeData" time="343" />
  <testcase classname="HighlightBadgesController_Test" name="testGetBadges" time="1057" />
  <testcase classname="HighlightBadgesController_Test" name="testGetBadgesForPreview" time="639" />
  <testcase classname="HighlightBadgesController_Test" name="testGetBadgesWithException" time="510" />
  <testcase classname="HighlightBadgesController_Test" name="testRunFlowWithException" time="8" />
  <testcase classname="HighlightBadgesService_Test" name="makeData" time="727" />
  <testcase classname="HighlightBadgesService_Test" name="testComplexFieldPath" time="1164" />
  <testcase classname="HighlightBadgesService_Test" name="testConstructor" time="59" />
  <testcase classname="HighlightBadgesService_Test" name="testFormatFieldValues" time="16" />
  <testcase classname="HighlightBadgesService_Test" name="testGetChildBadge" time="707" />
  <testcase classname="HighlightBadgesService_Test" name="testGetCommonAncestorBadge" time="687" />
  <testcase classname="HighlightBadgesService_Test" name="testGetSourceBadge" time="3" />
  <testcase classname="HighlightBadgesService_Test" name="testModalAlert" time="3" />
  <testcase classname="HighlightBadgesService_Test" name="testNoBadgesForRecord" time="3" />
  <testcase classname="HighlightBadgesService_Test" name="testNoDefinitions" time="1067" />
  <testcase classname="HighlightBadgesService_Test" name="testNoFieldSet" time="679" />
  <testcase classname="HighlightBadgesService_Test" name="testSOQLLimitHandling" time="1739" />
  <testcase classname="HighlightBadgesService_Test" name="testToastAlert" time="3" />
  <testcase classname="LookupController_Test" name="makeData" time="301" />
  <testcase classname="LookupController_Test" name="testGetDefault" time="129" />
  <testcase classname="LookupController_Test" name="testGetDefaultWithException" time="24" />
  <testcase classname="LookupController_Test" name="testSearch" time="57" />
  <testcase classname="LookupController_Test" name="testSearchWithEmptyInput" time="43" />
  <testcase classname="LookupController_Test" name="testSearchWithException" time="17" />
  <testcase classname="LookupController_Test" name="testSearchWithoutNameField" time="46" />
</testsuite>