<testsuite tests="45">
  <testcase classname="GlobalDescribeService_Test" name="testDoesFieldExist" time="89" />
  <testcase classname="GlobalDescribeService_Test" name="testDoesFieldExistNegative" time="23" />
  <testcase classname="GlobalDescribeService_Test" name="testGetGlobalDescribe" time="48" />
  <testcase classname="GlobalDescribeService_Test" name="testGetGlobalDescribeFromCache" time="33" />
  <testcase classname="GlobalDescribeService_Test" name="testGetSObjectDescribe" time="33" />
  <testcase classname="GlobalDescribeService_Test" name="testGetSObjectDescribeFromCache" time="33" />
  <testcase classname="GlobalDescribeService_Test" name="testGetSObjectNameField" time="39" />
  <testcase classname="HighlightBadgeQueryBuilder_Test" name="testBasicQuery" time="8" />
  <testcase classname="HighlightBadgeSetupController_Test" name="testFindInverseRelationshipField" time="150" />
  <testcase classname="HighlightBadgeSetupController_Test" name="testGetChildObjects" time="143" />
  <testcase classname="HighlightBadgeSetupController_Test" name="testGetChildObjectsWithException" time="17" />
  <testcase classname="HighlightBadgeSetupController_Test" name="testGetCommonAncestorObjects" time="50" />
  <testcase classname="HighlightBadgeSetupController_Test" name="testGetDisplayObjects" time="498" />
  <testcase classname="HighlightBadgeSetupController_Test" name="testGetObjectFields" time="26" />
  <testcase classname="HighlightBadgeSetupController_Test" name="testGetObjectFieldsWithException" time="20" />
  <testcase classname="HighlightBadgeSetupController_Test" name="testGetPossibleAncestorPaths" time="30" />
  <testcase classname="HighlightBadgeSetupService_Test" name="testFindInverseRelationshipField" time="396" />
  <testcase classname="HighlightBadgeSetupService_Test" name="testGetChildObjects" time="394" />
  <testcase classname="HighlightBadgeSetupService_Test" name="testGetCommonAncestorObjects" time="56" />
  <testcase classname="HighlightBadgeSetupService_Test" name="testGetDisplayObjects" time="680" />
  <testcase classname="HighlightBadgeSetupService_Test" name="testGetObjectFields" time="23" />
  <testcase classname="HighlightBadgeSetupService_Test" name="testGetObjectFieldsWithException" time="19" />
  <testcase classname="HighlightBadgeSetupService_Test" name="testGetPossibleAncestorPaths" time="31" />
  <testcase classname="HighlightBadgesController_Test" name="testGetBadges" time="1031" />
  <testcase classname="HighlightBadgesController_Test" name="testGetBadgesForPreview" time="593" />
  <testcase classname="HighlightBadgesController_Test" name="testGetBadgesWithException" time="453" />
  <testcase classname="HighlightBadgesController_Test" name="testRunFlowWithException" time="8" />
  <testcase classname="HighlightBadgesService_Test" name="testComplexFieldPath" time="938" />
  <testcase classname="HighlightBadgesService_Test" name="testConstructor" time="50" />
  <testcase classname="HighlightBadgesService_Test" name="testFormatFieldValues" time="14" />
  <testcase classname="HighlightBadgesService_Test" name="testGetChildBadge" time="570" />
  <testcase classname="HighlightBadgesService_Test" name="testGetCommonAncestorBadge" time="565" />
  <testcase classname="HighlightBadgesService_Test" name="testGetSourceBadge" time="4" />
  <testcase classname="HighlightBadgesService_Test" name="testModalAlert" time="3" />
  <testcase classname="HighlightBadgesService_Test" name="testNoBadgesForRecord" time="3" />
  <testcase classname="HighlightBadgesService_Test" name="testNoDefinitions" time="836" />
  <testcase classname="HighlightBadgesService_Test" name="testNoFieldSet" time="622" />
  <testcase classname="HighlightBadgesService_Test" name="testSOQLLimitHandling" time="1372" />
  <testcase classname="HighlightBadgesService_Test" name="testToastAlert" time="3" />
  <testcase classname="LookupController_Test" name="testGetDefault" time="162" />
  <testcase classname="LookupController_Test" name="testGetDefaultWithException" time="41" />
  <testcase classname="LookupController_Test" name="testSearch" time="78" />
  <testcase classname="LookupController_Test" name="testSearchWithEmptyInput" time="58" />
  <testcase classname="LookupController_Test" name="testSearchWithException" time="22" />
  <testcase classname="LookupController_Test" name="testSearchWithoutNameField" time="83" />
</testsuite>