<testsuite tests="33">
  <testcase classname="GlobalDescribeService_Test" name="testGetGlobalDescribe" time="102" />
  <testcase classname="GlobalDescribeService_Test" name="testGetGlobalDescribeFromCache" time="40" />
  <testcase classname="GlobalDescribeService_Test" name="testGetSObjectDescribe" time="39" />
  <testcase classname="GlobalDescribeService_Test" name="testGetSObjectDescribeFromCache" time="35" />
  <testcase classname="HighlightBadgeQueryBuilder_Test" name="testBasicQuery" time="9" />
  <testcase classname="HighlightBadgeSetupController_Test" name="testFindInverseRelationshipField" time="149" />
  <testcase classname="HighlightBadgeSetupController_Test" name="testGetChildObjects" time="134" />
  <testcase classname="HighlightBadgeSetupController_Test" name="testGetCommonAncestorObjects" time="52" />
  <testcase classname="HighlightBadgeSetupController_Test" name="testGetDisplayObjects" time="487" />
  <testcase classname="HighlightBadgeSetupController_Test" name="testGetObjectFields" time="26" />
  <testcase classname="HighlightBadgeSetupController_Test" name="testGetObjectFieldsWithException" time="19" />
  <testcase classname="HighlightBadgeSetupController_Test" name="testGetPossibleAncestorPaths" time="32" />
  <testcase classname="HighlightBadgeSetupService_Test" name="testFindInverseRelationshipField" time="410" />
  <testcase classname="HighlightBadgeSetupService_Test" name="testGetChildObjects" time="617" />
  <testcase classname="HighlightBadgeSetupService_Test" name="testGetCommonAncestorObjects" time="62" />
  <testcase classname="HighlightBadgeSetupService_Test" name="testGetDisplayObjects" time="736" />
  <testcase classname="HighlightBadgeSetupService_Test" name="testGetObjectFields" time="29" />
  <testcase classname="HighlightBadgeSetupService_Test" name="testGetObjectFieldsWithException" time="25" />
  <testcase classname="HighlightBadgeSetupService_Test" name="testGetPossibleAncestorPaths" time="37" />
  <testcase classname="HighlightBadgesController_Test" name="testGetBadges" time="864" />
  <testcase classname="HighlightBadgesService_Test" name="testComplexFieldPath" time="1050" />
  <testcase classname="HighlightBadgesService_Test" name="testConstructor" time="59" />
  <testcase classname="HighlightBadgesService_Test" name="testGetChildBadge" time="861" />
  <testcase classname="HighlightBadgesService_Test" name="testGetCommonAncestorBadge" time="586" />
  <testcase classname="HighlightBadgesService_Test" name="testGetSourceBadge" time="4" />
  <testcase classname="HighlightBadgesService_Test" name="testModalAlert" time="4" />
  <testcase classname="HighlightBadgesService_Test" name="testNoBadgesForRecord" time="3" />
  <testcase classname="HighlightBadgesService_Test" name="testNoDefinitions" time="1003" />
  <testcase classname="HighlightBadgesService_Test" name="testNoFieldSet" time="614" />
  <testcase classname="HighlightBadgesService_Test" name="testSOQLLimitHandling" time="1469" />
  <testcase classname="HighlightBadgesService_Test" name="testToastAlert" time="4" />
  <testcase classname="LookupController_Test" name="testGetDefault" time="5" />
  <testcase classname="LookupController_Test" name="testSearch" time="2" />
</testsuite>