<testsuite tests="17">
  <testcase classname="HighlightBadgeQueryBuilder_Test" name="testBasicQuery" time="10" />
  <testcase classname="HighlightBadgeSetupController_Test" name="testFindInverseRelationshipField" time="812" />
  <testcase classname="HighlightBadgeSetupController_Test" name="testGetChildObjects" time="208" />
  <testcase classname="HighlightBadgeSetupController_Test" name="testGetCommonParentObjects" time="113" />
  <testcase classname="HighlightBadgeSetupController_Test" name="testGetDisplayObjects" time="83" />
  <testcase classname="HighlightBadgeSetupController_Test" name="testGetPossibleAncestorPaths" time="98" />
  <testcase classname="HighlightBadgesController_Test" name="testGetBadges" time="1045" />
  <testcase classname="HighlightBadgesService_Test" name="testConstructor" time="54" />
  <testcase classname="HighlightBadgesService_Test" name="testGetChildBadge" time="827" />
  <testcase classname="HighlightBadgesService_Test" name="testGetCommonAncestorBadge" time="550" />
  <testcase classname="HighlightBadgesService_Test" name="testGetSourceBadge" time="3" />
  <testcase classname="HighlightBadgesService_Test" name="testModalAlert" time="3" />
  <testcase classname="HighlightBadgesService_Test" name="testNoBadgesForRecord" time="3" />
  <testcase classname="HighlightBadgesService_Test" name="testNoDefinitions" time="813" />
  <testcase classname="HighlightBadgesService_Test" name="testNoFieldSet" time="616" />
  <testcase classname="HighlightBadgesService_Test" name="testSOQLLimitHandling" time="1305" />
  <testcase classname="HighlightBadgesService_Test" name="testToastAlert" time="3" />
</testsuite>