<testsuite tests="31">
  <testcase classname="GlobalDescribeService_Test" name="testGetGlobalDescribe" time="92" />
  <testcase classname="GlobalDescribeService_Test" name="testGetGlobalDescribeFromCache" time="35" />
  <testcase classname="GlobalDescribeService_Test" name="testGetSObjectDescribe" time="37" />
  <testcase classname="GlobalDescribeService_Test" name="testGetSObjectDescribeFromCache" time="49" />
  <testcase classname="HighlightBadgeQueryBuilder_Test" name="testBasicQuery" time="8" />
  <testcase classname="HighlightBadgeSetupController_Test" name="testFindInverseRelationshipField" time="189" />
  <testcase classname="HighlightBadgeSetupController_Test" name="testGetChildObjects" time="184" />
  <testcase classname="HighlightBadgeSetupController_Test" name="testGetCommonAncestorObjects" time="54" />
  <testcase classname="HighlightBadgeSetupController_Test" name="testGetDisplayObjects" time="507" />
  <testcase classname="HighlightBadgeSetupController_Test" name="testGetObjectFields" time="23" />
  <testcase classname="HighlightBadgeSetupController_Test" name="testGetObjectFieldsWithException" time="19" />
  <testcase classname="HighlightBadgeSetupController_Test" name="testGetPossibleAncestorPaths" time="28" />
  <testcase classname="HighlightBadgeSetupService_Test" name="testFindInverseRelationshipField" time="159" />
  <testcase classname="HighlightBadgeSetupService_Test" name="testGetChildObjects" time="162" />
  <testcase classname="HighlightBadgeSetupService_Test" name="testGetCommonAncestorObjects" time="56" />
  <testcase classname="HighlightBadgeSetupService_Test" name="testGetDisplayObjects" time="548" />
  <testcase classname="HighlightBadgeSetupService_Test" name="testGetObjectFields" time="24" />
  <testcase classname="HighlightBadgeSetupService_Test" name="testGetObjectFieldsWithException" time="20" />
  <testcase classname="HighlightBadgeSetupService_Test" name="testGetPossibleAncestorPaths" time="31" />
  <testcase classname="HighlightBadgesController_Test" name="testGetBadges" time="893" />
  <testcase classname="HighlightBadgesService_Test" name="testComplexFieldPath" time="882" />
  <testcase classname="HighlightBadgesService_Test" name="testConstructor" time="63" />
  <testcase classname="HighlightBadgesService_Test" name="testGetChildBadge" time="564" />
  <testcase classname="HighlightBadgesService_Test" name="testGetCommonAncestorBadge" time="565" />
  <testcase classname="HighlightBadgesService_Test" name="testGetSourceBadge" time="3" />
  <testcase classname="HighlightBadgesService_Test" name="testModalAlert" time="3" />
  <testcase classname="HighlightBadgesService_Test" name="testNoBadgesForRecord" time="4" />
  <testcase classname="HighlightBadgesService_Test" name="testNoDefinitions" time="800" />
  <testcase classname="HighlightBadgesService_Test" name="testNoFieldSet" time="612" />
  <testcase classname="HighlightBadgesService_Test" name="testSOQLLimitHandling" time="1405" />
  <testcase classname="HighlightBadgesService_Test" name="testToastAlert" time="3" />
</testsuite>