<testsuite tests="45">
  <testcase classname="GlobalDescribeService_Test" name="testDoesFieldExist" time="104" />
  <testcase classname="GlobalDescribeService_Test" name="testDoesFieldExistNegative" time="24" />
  <testcase classname="GlobalDescribeService_Test" name="testGetGlobalDescribe" time="37" />
  <testcase classname="GlobalDescribeService_Test" name="testGetGlobalDescribeFromCache" time="43" />
  <testcase classname="GlobalDescribeService_Test" name="testGetSObjectDescribe" time="35" />
  <testcase classname="GlobalDescribeService_Test" name="testGetSObjectDescribeFromCache" time="39" />
  <testcase classname="GlobalDescribeService_Test" name="testGetSObjectNameField" time="50" />
  <testcase classname="HighlightBadgeQueryBuilder_Test" name="testBasicQuery" time="10" />
  <testcase classname="HighlightBadgeSetupController_Test" name="testFindInverseRelationshipField" time="515" />
  <testcase classname="HighlightBadgeSetupController_Test" name="testGetChildObjects" time="425" />
  <testcase classname="HighlightBadgeSetupController_Test" name="testGetChildObjectsWithException" time="27" />
  <testcase classname="HighlightBadgeSetupController_Test" name="testGetCommonAncestorObjects" time="63" />
  <testcase classname="HighlightBadgeSetupController_Test" name="testGetDisplayObjects" time="633" />
  <testcase classname="HighlightBadgeSetupController_Test" name="testGetObjectFields" time="34" />
  <testcase classname="HighlightBadgeSetupController_Test" name="testGetObjectFieldsWithException" time="23" />
  <testcase classname="HighlightBadgeSetupController_Test" name="testGetPossibleAncestorPaths" time="34" />
  <testcase classname="HighlightBadgeSetupService_Test" name="testFindInverseRelationshipField" time="439" />
  <testcase classname="HighlightBadgeSetupService_Test" name="testGetChildObjects" time="402" />
  <testcase classname="HighlightBadgeSetupService_Test" name="testGetCommonAncestorObjects" time="58" />
  <testcase classname="HighlightBadgeSetupService_Test" name="testGetDisplayObjects" time="684" />
  <testcase classname="HighlightBadgeSetupService_Test" name="testGetObjectFields" time="26" />
  <testcase classname="HighlightBadgeSetupService_Test" name="testGetObjectFieldsWithException" time="20" />
  <testcase classname="HighlightBadgeSetupService_Test" name="testGetPossibleAncestorPaths" time="30" />
  <testcase classname="HighlightBadgesController_Test" name="testGetBadges" time="1023" />
  <testcase classname="HighlightBadgesController_Test" name="testGetBadgesForPreview" time="586" />
  <testcase classname="HighlightBadgesController_Test" name="testGetBadgesWithException" time="455" />
  <testcase classname="HighlightBadgesController_Test" name="testRunFlowWithException" time="9" />
  <testcase classname="HighlightBadgesService_Test" name="testComplexFieldPath" time="1006" />
  <testcase classname="HighlightBadgesService_Test" name="testConstructor" time="61" />
  <testcase classname="HighlightBadgesService_Test" name="testFormatFieldValues" time="16" />
  <testcase classname="HighlightBadgesService_Test" name="testGetChildBadge" time="670" />
  <testcase classname="HighlightBadgesService_Test" name="testGetCommonAncestorBadge" time="559" />
  <testcase classname="HighlightBadgesService_Test" name="testGetSourceBadge" time="4" />
  <testcase classname="HighlightBadgesService_Test" name="testModalAlert" time="4" />
  <testcase classname="HighlightBadgesService_Test" name="testNoBadgesForRecord" time="5" />
  <testcase classname="HighlightBadgesService_Test" name="testNoDefinitions" time="980" />
  <testcase classname="HighlightBadgesService_Test" name="testNoFieldSet" time="712" />
  <testcase classname="HighlightBadgesService_Test" name="testSOQLLimitHandling" time="1519" />
  <testcase classname="HighlightBadgesService_Test" name="testToastAlert" time="4" />
  <testcase classname="LookupController_Test" name="testGetDefault" time="96" />
  <testcase classname="LookupController_Test" name="testGetDefaultWithException" time="29" />
  <testcase classname="LookupController_Test" name="testSearch" time="77" />
  <testcase classname="LookupController_Test" name="testSearchWithEmptyInput" time="52" />
  <testcase classname="LookupController_Test" name="testSearchWithException" time="22" />
  <testcase classname="LookupController_Test" name="testSearchWithoutNameField" time="60" />
</testsuite>