<testsuite tests="18">
  <testcase classname="HighlightBadgeQueryBuilder_Test" name="testBasicQuery" time="11" />
  <testcase classname="HighlightBadgeSetupController_Test" name="testFindInverseRelationshipField" time="622" />
  <testcase classname="HighlightBadgeSetupController_Test" name="testGetChildObjects" time="267" />
  <testcase classname="HighlightBadgeSetupController_Test" name="testGetCommonAncestorObjects" time="90" />
  <testcase classname="HighlightBadgeSetupController_Test" name="testGetDisplayObjects" time="54" />
  <testcase classname="HighlightBadgeSetupController_Test" name="testGetPossibleAncestorPaths" time="58" />
  <testcase classname="HighlightBadgesController_Test" name="testGetBadges" time="684" />
  <testcase classname="HighlightBadgesService_Test" name="testComplexFieldPath" time="734" />
  <testcase classname="HighlightBadgesService_Test" name="testConstructor" time="60" />
  <testcase classname="HighlightBadgesService_Test" name="testGetChildBadge" time="1161" />
  <testcase classname="HighlightBadgesService_Test" name="testGetCommonAncestorBadge" time="865" />
  <testcase classname="HighlightBadgesService_Test" name="testGetSourceBadge" time="4" />
  <testcase classname="HighlightBadgesService_Test" name="testModalAlert" time="18" />
  <testcase classname="HighlightBadgesService_Test" name="testNoBadgesForRecord" time="18" />
  <testcase classname="HighlightBadgesService_Test" name="testNoDefinitions" time="1065" />
  <testcase classname="HighlightBadgesService_Test" name="testNoFieldSet" time="680" />
  <testcase classname="HighlightBadgesService_Test" name="testSOQLLimitHandling" time="1323" />
  <testcase classname="HighlightBadgesService_Test" name="testToastAlert" time="3" />
</testsuite>