<testsuite tests="50">
  <testcase classname="GlobalDescribeService_Test" name="testDoesFieldExist" time="79" />
  <testcase classname="GlobalDescribeService_Test" name="testDoesFieldExistNegative" time="20" />
  <testcase classname="GlobalDescribeService_Test" name="testGetGlobalDescribe" time="32" />
  <testcase classname="GlobalDescribeService_Test" name="testGetGlobalDescribeFromCache" time="36" />
  <testcase classname="GlobalDescribeService_Test" name="testGetSObjectDescribe" time="33" />
  <testcase classname="GlobalDescribeService_Test" name="testGetSObjectDescribeFromCache" time="36" />
  <testcase classname="GlobalDescribeService_Test" name="testGetSObjectNameField" time="60" />
  <testcase classname="HighlightBadgeActionsMgrController_Test" name="makeData" time="205" />
  <testcase classname="HighlightBadgeActionsMgrController_Test" name="testGetActions" time="1087" />
  <testcase classname="HighlightBadgeQueryBuilder_Test" name="testBasicQuery" time="6" />
  <testcase classname="HighlightBadgeSetupController_Test" name="testFindInverseRelationshipField" time="165" />
  <testcase classname="HighlightBadgeSetupController_Test" name="testGetChildObjects" time="158" />
  <testcase classname="HighlightBadgeSetupController_Test" name="testGetChildObjectsWithException" time="20" />
  <testcase classname="HighlightBadgeSetupController_Test" name="testGetCommonAncestorObjects" time="56" />
  <testcase classname="HighlightBadgeSetupController_Test" name="testGetDisplayObjects" time="575" />
  <testcase classname="HighlightBadgeSetupController_Test" name="testGetObjectFields" time="29" />
  <testcase classname="HighlightBadgeSetupController_Test" name="testGetObjectFieldsWithException" time="21" />
  <testcase classname="HighlightBadgeSetupController_Test" name="testGetPossibleAncestorPaths" time="30" />
  <testcase classname="HighlightBadgeSetupService_Test" name="testFindInverseRelationshipField" time="399" />
  <testcase classname="HighlightBadgeSetupService_Test" name="testGetChildObjects" time="436" />
  <testcase classname="HighlightBadgeSetupService_Test" name="testGetCommonAncestorObjects" time="55" />
  <testcase classname="HighlightBadgeSetupService_Test" name="testGetDisplayObjects" time="718" />
  <testcase classname="HighlightBadgeSetupService_Test" name="testGetObjectFields" time="22" />
  <testcase classname="HighlightBadgeSetupService_Test" name="testGetObjectFieldsWithException" time="17" />
  <testcase classname="HighlightBadgeSetupService_Test" name="testGetPossibleAncestorPaths" time="28" />
  <testcase classname="HighlightBadgesController_Test" name="makeData" time="764" />
  <testcase classname="HighlightBadgesController_Test" name="testGetBadges" time="1144" />
  <testcase classname="HighlightBadgesController_Test" name="testGetBadgesForPreview" time="679" />
  <testcase classname="HighlightBadgesController_Test" name="testGetBadgesWithException" time="531" />
  <testcase classname="HighlightBadgesController_Test" name="testRunFlowWithException" time="9" />
  <testcase classname="HighlightBadgesService_Test" name="makeData" time="532" />
  <testcase classname="HighlightBadgesService_Test" name="testComplexFieldPath" time="1143" />
  <testcase classname="HighlightBadgesService_Test" name="testConstructor" time="64" />
  <testcase classname="HighlightBadgesService_Test" name="testFormatFieldValues" time="24" />
  <testcase classname="HighlightBadgesService_Test" name="testGetChildBadge" time="708" />
  <testcase classname="HighlightBadgesService_Test" name="testGetCommonAncestorBadge" time="724" />
  <testcase classname="HighlightBadgesService_Test" name="testGetSourceBadge" time="4" />
  <testcase classname="HighlightBadgesService_Test" name="testModalAlert" time="3" />
  <testcase classname="HighlightBadgesService_Test" name="testNoBadgesForRecord" time="4" />
  <testcase classname="HighlightBadgesService_Test" name="testNoDefinitions" time="1105" />
  <testcase classname="HighlightBadgesService_Test" name="testNoFieldSet" time="745" />
  <testcase classname="HighlightBadgesService_Test" name="testSOQLLimitHandling" time="1880" />
  <testcase classname="HighlightBadgesService_Test" name="testToastAlert" time="4" />
  <testcase classname="LookupController_Test" name="makeData" time="481" />
  <testcase classname="LookupController_Test" name="testGetDefault" time="105" />
  <testcase classname="LookupController_Test" name="testGetDefaultWithException" time="28" />
  <testcase classname="LookupController_Test" name="testSearch" time="64" />
  <testcase classname="LookupController_Test" name="testSearchWithEmptyInput" time="43" />
  <testcase classname="LookupController_Test" name="testSearchWithException" time="21" />
  <testcase classname="LookupController_Test" name="testSearchWithoutNameField" time="45" />
</testsuite>