<testsuite tests="33">
  <testcase classname="GlobalDescribeService_Test" name="testGetGlobalDescribe" time="118" />
  <testcase classname="GlobalDescribeService_Test" name="testGetGlobalDescribeFromCache" time="49" />
  <testcase classname="GlobalDescribeService_Test" name="testGetSObjectDescribe" time="41" />
  <testcase classname="GlobalDescribeService_Test" name="testGetSObjectDescribeFromCache" time="34" />
  <testcase classname="HighlightBadgeQueryBuilder_Test" name="testBasicQuery" time="13" />
  <testcase classname="HighlightBadgeSetupController_Test" name="testFindInverseRelationshipField" time="445" />
  <testcase classname="HighlightBadgeSetupController_Test" name="testGetChildObjects" time="502" />
  <testcase classname="HighlightBadgeSetupController_Test" name="testGetCommonAncestorObjects" time="64" />
  <testcase classname="HighlightBadgeSetupController_Test" name="testGetDisplayObjects" time="795" />
  <testcase classname="HighlightBadgeSetupController_Test" name="testGetObjectFields" time="32" />
  <testcase classname="HighlightBadgeSetupController_Test" name="testGetObjectFieldsWithException" time="22" />
  <testcase classname="HighlightBadgeSetupController_Test" name="testGetPossibleAncestorPaths" time="41" />
  <testcase classname="HighlightBadgeSetupService_Test" name="testFindInverseRelationshipField" time="206" />
  <testcase classname="HighlightBadgeSetupService_Test" name="testGetChildObjects" time="178" />
  <testcase classname="HighlightBadgeSetupService_Test" name="testGetCommonAncestorObjects" time="71" />
  <testcase classname="HighlightBadgeSetupService_Test" name="testGetDisplayObjects" time="610" />
  <testcase classname="HighlightBadgeSetupService_Test" name="testGetObjectFields" time="26" />
  <testcase classname="HighlightBadgeSetupService_Test" name="testGetObjectFieldsWithException" time="22" />
  <testcase classname="HighlightBadgeSetupService_Test" name="testGetPossibleAncestorPaths" time="34" />
  <testcase classname="HighlightBadgesController_Test" name="testGetBadges" time="1274" />
  <testcase classname="HighlightBadgesService_Test" name="testComplexFieldPath" time="1214" />
  <testcase classname="HighlightBadgesService_Test" name="testConstructor" time="60" />
  <testcase classname="HighlightBadgesService_Test" name="testGetChildBadge" time="963" />
  <testcase classname="HighlightBadgesService_Test" name="testGetCommonAncestorBadge" time="608" />
  <testcase classname="HighlightBadgesService_Test" name="testGetSourceBadge" time="4" />
  <testcase classname="HighlightBadgesService_Test" name="testModalAlert" time="5" />
  <testcase classname="HighlightBadgesService_Test" name="testNoBadgesForRecord" time="3" />
  <testcase classname="HighlightBadgesService_Test" name="testNoDefinitions" time="1062" />
  <testcase classname="HighlightBadgesService_Test" name="testNoFieldSet" time="707" />
  <testcase classname="HighlightBadgesService_Test" name="testSOQLLimitHandling" time="1740" />
  <testcase classname="HighlightBadgesService_Test" name="testToastAlert" time="4" />
  <testcase classname="LookupController_Test" name="testGetDefault" time="21" />
  <testcase classname="LookupController_Test" name="testSearch" time="2" />
</testsuite>