<testsuite tests="50">
  <testcase classname="GlobalDescribeService_Test" name="testDoesFieldExist" time="79" />
  <testcase classname="GlobalDescribeService_Test" name="testDoesFieldExistNegative" time="20" />
  <testcase classname="GlobalDescribeService_Test" name="testGetGlobalDescribe" time="36" />
  <testcase classname="GlobalDescribeService_Test" name="testGetGlobalDescribeFromCache" time="37" />
  <testcase classname="GlobalDescribeService_Test" name="testGetSObjectDescribe" time="33" />
  <testcase classname="GlobalDescribeService_Test" name="testGetSObjectDescribeFromCache" time="34" />
  <testcase classname="GlobalDescribeService_Test" name="testGetSObjectNameField" time="43" />
  <testcase classname="HighlightBadgeActionsMgrController_Test" name="makeData" time="214" />
  <testcase classname="HighlightBadgeActionsMgrController_Test" name="testGetActions" time="854" />
  <testcase classname="HighlightBadgeQueryBuilder_Test" name="testBasicQuery" time="10" />
  <testcase classname="HighlightBadgeSetupController_Test" name="testFindInverseRelationshipField" time="365" />
  <testcase classname="HighlightBadgeSetupController_Test" name="testGetChildObjects" time="427" />
  <testcase classname="HighlightBadgeSetupController_Test" name="testGetChildObjectsWithException" time="18" />
  <testcase classname="HighlightBadgeSetupController_Test" name="testGetCommonAncestorObjects" time="56" />
  <testcase classname="HighlightBadgeSetupController_Test" name="testGetDisplayObjects" time="614" />
  <testcase classname="HighlightBadgeSetupController_Test" name="testGetObjectFields" time="24" />
  <testcase classname="HighlightBadgeSetupController_Test" name="testGetObjectFieldsWithException" time="17" />
  <testcase classname="HighlightBadgeSetupController_Test" name="testGetPossibleAncestorPaths" time="27" />
  <testcase classname="HighlightBadgeSetupService_Test" name="testFindInverseRelationshipField" time="155" />
  <testcase classname="HighlightBadgeSetupService_Test" name="testGetChildObjects" time="157" />
  <testcase classname="HighlightBadgeSetupService_Test" name="testGetCommonAncestorObjects" time="53" />
  <testcase classname="HighlightBadgeSetupService_Test" name="testGetDisplayObjects" time="513" />
  <testcase classname="HighlightBadgeSetupService_Test" name="testGetObjectFields" time="27" />
  <testcase classname="HighlightBadgeSetupService_Test" name="testGetObjectFieldsWithException" time="20" />
  <testcase classname="HighlightBadgeSetupService_Test" name="testGetPossibleAncestorPaths" time="29" />
  <testcase classname="HighlightBadgesController_Test" name="makeData" time="263" />
  <testcase classname="HighlightBadgesController_Test" name="testGetBadges" time="1021" />
  <testcase classname="HighlightBadgesController_Test" name="testGetBadgesForPreview" time="664" />
  <testcase classname="HighlightBadgesController_Test" name="testGetBadgesWithException" time="533" />
  <testcase classname="HighlightBadgesController_Test" name="testRunFlowWithException" time="9" />
  <testcase classname="HighlightBadgesService_Test" name="makeData" time="611" />
  <testcase classname="HighlightBadgesService_Test" name="testComplexFieldPath" time="1159" />
  <testcase classname="HighlightBadgesService_Test" name="testConstructor" time="52" />
  <testcase classname="HighlightBadgesService_Test" name="testFormatFieldValues" time="15" />
  <testcase classname="HighlightBadgesService_Test" name="testGetChildBadge" time="648" />
  <testcase classname="HighlightBadgesService_Test" name="testGetCommonAncestorBadge" time="576" />
  <testcase classname="HighlightBadgesService_Test" name="testGetSourceBadge" time="4" />
  <testcase classname="HighlightBadgesService_Test" name="testModalAlert" time="3" />
  <testcase classname="HighlightBadgesService_Test" name="testNoBadgesForRecord" time="3" />
  <testcase classname="HighlightBadgesService_Test" name="testNoDefinitions" time="1031" />
  <testcase classname="HighlightBadgesService_Test" name="testNoFieldSet" time="634" />
  <testcase classname="HighlightBadgesService_Test" name="testSOQLLimitHandling" time="1604" />
  <testcase classname="HighlightBadgesService_Test" name="testToastAlert" time="4" />
  <testcase classname="LookupController_Test" name="makeData" time="243" />
  <testcase classname="LookupController_Test" name="testGetDefault" time="81" />
  <testcase classname="LookupController_Test" name="testGetDefaultWithException" time="29" />
  <testcase classname="LookupController_Test" name="testSearch" time="64" />
  <testcase classname="LookupController_Test" name="testSearchWithEmptyInput" time="51" />
  <testcase classname="LookupController_Test" name="testSearchWithException" time="23" />
  <testcase classname="LookupController_Test" name="testSearchWithoutNameField" time="46" />
</testsuite>