<testsuite tests="45">
  <testcase classname="GlobalDescribeService_Test" name="testDoesFieldExist" time="71" />
  <testcase classname="GlobalDescribeService_Test" name="testDoesFieldExistNegative" time="19" />
  <testcase classname="GlobalDescribeService_Test" name="testGetGlobalDescribe" time="34" />
  <testcase classname="GlobalDescribeService_Test" name="testGetGlobalDescribeFromCache" time="40" />
  <testcase classname="GlobalDescribeService_Test" name="testGetSObjectDescribe" time="31" />
  <testcase classname="GlobalDescribeService_Test" name="testGetSObjectDescribeFromCache" time="33" />
  <testcase classname="GlobalDescribeService_Test" name="testGetSObjectNameField" time="52" />
  <testcase classname="HighlightBadgeQueryBuilder_Test" name="testBasicQuery" time="11" />
  <testcase classname="HighlightBadgeSetupController_Test" name="testFindInverseRelationshipField" time="470" />
  <testcase classname="HighlightBadgeSetupController_Test" name="testGetChildObjects" time="435" />
  <testcase classname="HighlightBadgeSetupController_Test" name="testGetChildObjectsWithException" time="19" />
  <testcase classname="HighlightBadgeSetupController_Test" name="testGetCommonAncestorObjects" time="58" />
  <testcase classname="HighlightBadgeSetupController_Test" name="testGetDisplayObjects" time="640" />
  <testcase classname="HighlightBadgeSetupController_Test" name="testGetObjectFields" time="23" />
  <testcase classname="HighlightBadgeSetupController_Test" name="testGetObjectFieldsWithException" time="19" />
  <testcase classname="HighlightBadgeSetupController_Test" name="testGetPossibleAncestorPaths" time="29" />
  <testcase classname="HighlightBadgeSetupService_Test" name="testFindInverseRelationshipField" time="168" />
  <testcase classname="HighlightBadgeSetupService_Test" name="testGetChildObjects" time="150" />
  <testcase classname="HighlightBadgeSetupService_Test" name="testGetCommonAncestorObjects" time="49" />
  <testcase classname="HighlightBadgeSetupService_Test" name="testGetDisplayObjects" time="497" />
  <testcase classname="HighlightBadgeSetupService_Test" name="testGetObjectFields" time="25" />
  <testcase classname="HighlightBadgeSetupService_Test" name="testGetObjectFieldsWithException" time="32" />
  <testcase classname="HighlightBadgeSetupService_Test" name="testGetPossibleAncestorPaths" time="30" />
  <testcase classname="HighlightBadgesController_Test" name="testGetBadges" time="925" />
  <testcase classname="HighlightBadgesController_Test" name="testGetBadgesForPreview" time="585" />
  <testcase classname="HighlightBadgesController_Test" name="testGetBadgesWithException" time="439" />
  <testcase classname="HighlightBadgesController_Test" name="testRunFlowWithException" time="9" />
  <testcase classname="HighlightBadgesService_Test" name="testComplexFieldPath" time="975" />
  <testcase classname="HighlightBadgesService_Test" name="testConstructor" time="59" />
  <testcase classname="HighlightBadgesService_Test" name="testFormatFieldValues" time="15" />
  <testcase classname="HighlightBadgesService_Test" name="testGetChildBadge" time="625" />
  <testcase classname="HighlightBadgesService_Test" name="testGetCommonAncestorBadge" time="614" />
  <testcase classname="HighlightBadgesService_Test" name="testGetSourceBadge" time="5" />
  <testcase classname="HighlightBadgesService_Test" name="testModalAlert" time="4" />
  <testcase classname="HighlightBadgesService_Test" name="testNoBadgesForRecord" time="4" />
  <testcase classname="HighlightBadgesService_Test" name="testNoDefinitions" time="984" />
  <testcase classname="HighlightBadgesService_Test" name="testNoFieldSet" time="641" />
  <testcase classname="HighlightBadgesService_Test" name="testSOQLLimitHandling" time="1444" />
  <testcase classname="HighlightBadgesService_Test" name="testToastAlert" time="4" />
  <testcase classname="LookupController_Test" name="testGetDefault" time="89" />
  <testcase classname="LookupController_Test" name="testGetDefaultWithException" time="33" />
  <testcase classname="LookupController_Test" name="testSearch" time="72" />
  <testcase classname="LookupController_Test" name="testSearchWithEmptyInput" time="47" />
  <testcase classname="LookupController_Test" name="testSearchWithException" time="23" />
  <testcase classname="LookupController_Test" name="testSearchWithoutNameField" time="50" />
</testsuite>