<testsuite tests="48">
  <testcase classname="GlobalDescribeService_Test" name="testDoesFieldExist" time="55" />
  <testcase classname="GlobalDescribeService_Test" name="testDoesFieldExistNegative" time="16" />
  <testcase classname="GlobalDescribeService_Test" name="testGetGlobalDescribe" time="23" />
  <testcase classname="GlobalDescribeService_Test" name="testGetGlobalDescribeFromCache" time="23" />
  <testcase classname="GlobalDescribeService_Test" name="testGetSObjectDescribe" time="24" />
  <testcase classname="GlobalDescribeService_Test" name="testGetSObjectDescribeFromCache" time="26" />
  <testcase classname="GlobalDescribeService_Test" name="testGetSObjectNameField" time="27" />
  <testcase classname="HighlightBadgeQueryBuilder_Test" name="testBasicQuery" time="4" />
  <testcase classname="HighlightBadgeSetupController_Test" name="testFindInverseRelationshipField" time="384" />
  <testcase classname="HighlightBadgeSetupController_Test" name="testGetChildObjects" time="353" />
  <testcase classname="HighlightBadgeSetupController_Test" name="testGetChildObjectsWithException" time="17" />
  <testcase classname="HighlightBadgeSetupController_Test" name="testGetCommonAncestorObjects" time="50" />
  <testcase classname="HighlightBadgeSetupController_Test" name="testGetDisplayObjects" time="537" />
  <testcase classname="HighlightBadgeSetupController_Test" name="testGetObjectFields" time="23" />
  <testcase classname="HighlightBadgeSetupController_Test" name="testGetObjectFieldsWithException" time="17" />
  <testcase classname="HighlightBadgeSetupController_Test" name="testGetPossibleAncestorPaths" time="29" />
  <testcase classname="HighlightBadgeSetupService_Test" name="testFindInverseRelationshipField" time="368" />
  <testcase classname="HighlightBadgeSetupService_Test" name="testGetChildObjects" time="372" />
  <testcase classname="HighlightBadgeSetupService_Test" name="testGetCommonAncestorObjects" time="75" />
  <testcase classname="HighlightBadgeSetupService_Test" name="testGetDisplayObjects" time="560" />
  <testcase classname="HighlightBadgeSetupService_Test" name="testGetObjectFields" time="22" />
  <testcase classname="HighlightBadgeSetupService_Test" name="testGetObjectFieldsWithException" time="17" />
  <testcase classname="HighlightBadgeSetupService_Test" name="testGetPossibleAncestorPaths" time="27" />
  <testcase classname="HighlightBadgesController_Test" name="makeData" time="258" />
  <testcase classname="HighlightBadgesController_Test" name="testGetBadges" time="1086" />
  <testcase classname="HighlightBadgesController_Test" name="testGetBadgesForPreview" time="609" />
  <testcase classname="HighlightBadgesController_Test" name="testGetBadgesWithException" time="491" />
  <testcase classname="HighlightBadgesController_Test" name="testRunFlowWithException" time="8" />
  <testcase classname="HighlightBadgesService_Test" name="makeData" time="578" />
  <testcase classname="HighlightBadgesService_Test" name="testComplexFieldPath" time="1111" />
  <testcase classname="HighlightBadgesService_Test" name="testConstructor" time="59" />
  <testcase classname="HighlightBadgesService_Test" name="testFormatFieldValues" time="18" />
  <testcase classname="HighlightBadgesService_Test" name="testGetChildBadge" time="833" />
  <testcase classname="HighlightBadgesService_Test" name="testGetCommonAncestorBadge" time="688" />
  <testcase classname="HighlightBadgesService_Test" name="testGetSourceBadge" time="4" />
  <testcase classname="HighlightBadgesService_Test" name="testModalAlert" time="4" />
  <testcase classname="HighlightBadgesService_Test" name="testNoBadgesForRecord" time="3" />
  <testcase classname="HighlightBadgesService_Test" name="testNoDefinitions" time="1002" />
  <testcase classname="HighlightBadgesService_Test" name="testNoFieldSet" time="715" />
  <testcase classname="HighlightBadgesService_Test" name="testSOQLLimitHandling" time="1768" />
  <testcase classname="HighlightBadgesService_Test" name="testToastAlert" time="4" />
  <testcase classname="LookupController_Test" name="makeData" time="501" />
  <testcase classname="LookupController_Test" name="testGetDefault" time="111" />
  <testcase classname="LookupController_Test" name="testGetDefaultWithException" time="21" />
  <testcase classname="LookupController_Test" name="testSearch" time="54" />
  <testcase classname="LookupController_Test" name="testSearchWithEmptyInput" time="34" />
  <testcase classname="LookupController_Test" name="testSearchWithException" time="16" />
  <testcase classname="LookupController_Test" name="testSearchWithoutNameField" time="47" />
</testsuite>