<testsuite tests="48">
  <testcase classname="GlobalDescribeService_Test" name="testDoesFieldExist" time="99" />
  <testcase classname="GlobalDescribeService_Test" name="testDoesFieldExistNegative" time="19" />
  <testcase classname="GlobalDescribeService_Test" name="testGetGlobalDescribe" time="33" />
  <testcase classname="GlobalDescribeService_Test" name="testGetGlobalDescribeFromCache" time="37" />
  <testcase classname="GlobalDescribeService_Test" name="testGetSObjectDescribe" time="37" />
  <testcase classname="GlobalDescribeService_Test" name="testGetSObjectDescribeFromCache" time="42" />
  <testcase classname="GlobalDescribeService_Test" name="testGetSObjectNameField" time="79" />
  <testcase classname="HighlightBadgeQueryBuilder_Test" name="testBasicQuery" time="22" />
  <testcase classname="HighlightBadgeSetupController_Test" name="testFindInverseRelationshipField" time="481" />
  <testcase classname="HighlightBadgeSetupController_Test" name="testGetChildObjects" time="513" />
  <testcase classname="HighlightBadgeSetupController_Test" name="testGetChildObjectsWithException" time="19" />
  <testcase classname="HighlightBadgeSetupController_Test" name="testGetCommonAncestorObjects" time="52" />
  <testcase classname="HighlightBadgeSetupController_Test" name="testGetDisplayObjects" time="617" />
  <testcase classname="HighlightBadgeSetupController_Test" name="testGetObjectFields" time="32" />
  <testcase classname="HighlightBadgeSetupController_Test" name="testGetObjectFieldsWithException" time="26" />
  <testcase classname="HighlightBadgeSetupController_Test" name="testGetPossibleAncestorPaths" time="41" />
  <testcase classname="HighlightBadgeSetupService_Test" name="testFindInverseRelationshipField" time="453" />
  <testcase classname="HighlightBadgeSetupService_Test" name="testGetChildObjects" time="552" />
  <testcase classname="HighlightBadgeSetupService_Test" name="testGetCommonAncestorObjects" time="60" />
  <testcase classname="HighlightBadgeSetupService_Test" name="testGetDisplayObjects" time="640" />
  <testcase classname="HighlightBadgeSetupService_Test" name="testGetObjectFields" time="24" />
  <testcase classname="HighlightBadgeSetupService_Test" name="testGetObjectFieldsWithException" time="19" />
  <testcase classname="HighlightBadgeSetupService_Test" name="testGetPossibleAncestorPaths" time="29" />
  <testcase classname="HighlightBadgesController_Test" name="makeData" time="3852" />
  <testcase classname="HighlightBadgesController_Test" name="testGetBadges" time="1102" />
  <testcase classname="HighlightBadgesController_Test" name="testGetBadgesForPreview" time="683" />
  <testcase classname="HighlightBadgesController_Test" name="testGetBadgesWithException" time="485" />
  <testcase classname="HighlightBadgesController_Test" name="testRunFlowWithException" time="11" />
  <testcase classname="HighlightBadgesService_Test" name="makeData" time="3905" />
  <testcase classname="HighlightBadgesService_Test" name="testComplexFieldPath" time="1231" />
  <testcase classname="HighlightBadgesService_Test" name="testConstructor" time="69" />
  <testcase classname="HighlightBadgesService_Test" name="testFormatFieldValues" time="19" />
  <testcase classname="HighlightBadgesService_Test" name="testGetChildBadge" time="948" />
  <testcase classname="HighlightBadgesService_Test" name="testGetCommonAncestorBadge" time="844" />
  <testcase classname="HighlightBadgesService_Test" name="testGetSourceBadge" time="4" />
  <testcase classname="HighlightBadgesService_Test" name="testModalAlert" time="3" />
  <testcase classname="HighlightBadgesService_Test" name="testNoBadgesForRecord" time="4" />
  <testcase classname="HighlightBadgesService_Test" name="testNoDefinitions" time="10999" />
  <testcase classname="HighlightBadgesService_Test" name="testNoFieldSet" time="809" />
  <testcase classname="HighlightBadgesService_Test" name="testSOQLLimitHandling" time="2009" />
  <testcase classname="HighlightBadgesService_Test" name="testToastAlert" time="4" />
  <testcase classname="LookupController_Test" name="makeData" time="4146" />
  <testcase classname="LookupController_Test" name="testGetDefault" time="108" />
  <testcase classname="LookupController_Test" name="testGetDefaultWithException" time="22" />
  <testcase classname="LookupController_Test" name="testSearch" time="63" />
  <testcase classname="LookupController_Test" name="testSearchWithEmptyInput" time="41" />
  <testcase classname="LookupController_Test" name="testSearchWithException" time="17" />
  <testcase classname="LookupController_Test" name="testSearchWithoutNameField" time="29" />
</testsuite>