<testsuite tests="20">
  <testcase classname="HighlightBadgeQueryBuilder_Test" name="testBasicQuery" time="11" />
  <testcase classname="HighlightBadgeSetupController_Test" name="testFindInverseRelationshipField" time="1098" />
  <testcase classname="HighlightBadgeSetupController_Test" name="testGetChildObjects" time="380" />
  <testcase classname="HighlightBadgeSetupController_Test" name="testGetCommonAncestorObjects" time="124" />
  <testcase classname="HighlightBadgeSetupController_Test" name="testGetDisplayObjects" time="83" />
  <testcase classname="HighlightBadgeSetupController_Test" name="testGetObjectFields" time="24" />
  <testcase classname="HighlightBadgeSetupController_Test" name="testGetObjectFieldsWithException" time="20" />
  <testcase classname="HighlightBadgeSetupController_Test" name="testGetPossibleAncestorPaths" time="114" />
  <testcase classname="HighlightBadgesController_Test" name="testGetBadges" time="948" />
  <testcase classname="HighlightBadgesService_Test" name="testComplexFieldPath" time="933" />
  <testcase classname="HighlightBadgesService_Test" name="testConstructor" time="64" />
  <testcase classname="HighlightBadgesService_Test" name="testGetChildBadge" time="555" />
  <testcase classname="HighlightBadgesService_Test" name="testGetCommonAncestorBadge" time="527" />
  <testcase classname="HighlightBadgesService_Test" name="testGetSourceBadge" time="4" />
  <testcase classname="HighlightBadgesService_Test" name="testModalAlert" time="3" />
  <testcase classname="HighlightBadgesService_Test" name="testNoBadgesForRecord" time="3" />
  <testcase classname="HighlightBadgesService_Test" name="testNoDefinitions" time="956" />
  <testcase classname="HighlightBadgesService_Test" name="testNoFieldSet" time="616" />
  <testcase classname="HighlightBadgesService_Test" name="testSOQLLimitHandling" time="1430" />
  <testcase classname="HighlightBadgesService_Test" name="testToastAlert" time="4" />
</testsuite>