<testsuite tests="18">
  <testcase classname="HighlightBadgeQueryBuilder_Test" name="testBasicQuery" time="6" />
  <testcase classname="HighlightBadgeSetupController_Test" name="testFindInverseRelationshipField" time="1439" />
  <testcase classname="HighlightBadgeSetupController_Test" name="testGetChildObjects" time="442" />
  <testcase classname="HighlightBadgeSetupController_Test" name="testGetCommonAncestorObjects" time="159" />
  <testcase classname="HighlightBadgeSetupController_Test" name="testGetDisplayObjects" time="106" />
  <testcase classname="HighlightBadgeSetupController_Test" name="testGetPossibleAncestorPaths" time="109" />
  <testcase classname="HighlightBadgesController_Test" name="testGetBadges" time="1133" />
  <testcase classname="HighlightBadgesService_Test" name="testComplexFieldPath" time="1125" />
  <testcase classname="HighlightBadgesService_Test" name="testConstructor" time="77" />
  <testcase classname="HighlightBadgesService_Test" name="testGetChildBadge" time="603" />
  <testcase classname="HighlightBadgesService_Test" name="testGetCommonAncestorBadge" time="646" />
  <testcase classname="HighlightBadgesService_Test" name="testGetSourceBadge" time="4" />
  <testcase classname="HighlightBadgesService_Test" name="testModalAlert" time="4" />
  <testcase classname="HighlightBadgesService_Test" name="testNoBadgesForRecord" time="4" />
  <testcase classname="HighlightBadgesService_Test" name="testNoDefinitions" time="1002" />
  <testcase classname="HighlightBadgesService_Test" name="testNoFieldSet" time="663" />
  <testcase classname="HighlightBadgesService_Test" name="testSOQLLimitHandling" time="1818" />
  <testcase classname="HighlightBadgesService_Test" name="testToastAlert" time="5" />
</testsuite>