<testsuite tests="8">
  <testcase classname="HighlightBadgeQueryBuilder_Test" name="testBasicQuery" time="29" />
  <testcase classname="HighlightBadgesController_Test" name="testGetBadges" time="863" />
  <testcase classname="HighlightBadgesService_Test" name="testConstructor" time="67" />
  <testcase classname="HighlightBadgesService_Test" name="testGetChildBadge" time="980" />
  <testcase classname="HighlightBadgesService_Test" name="testGetCommonParentBadge" time="552" />
  <testcase classname="HighlightBadgesService_Test" name="testGetSourceBadge" time="4" />
  <testcase classname="HighlightBadgesService_Test" name="testNoBadgesForRecord" time="3" />
  <testcase classname="HighlightBadgesService_Test" name="testSOQLLimitHandling" time="1464" />
</testsuite>